-- Install configuration: ""
-- Up-to-date: /home/darsh/ros2_ws/src/handbot_ros2/install/handbot_bringup/share/handbot_bringup/scripts
-- Up-to-date: /home/darsh/ros2_ws/src/handbot_ros2/install/handbot_bringup/share/handbot_bringup/scripts/handbot_100_gazebo_and_moveit.sh
-- Up-to-date: /home/darsh/ros2_ws/src/handbot_ros2/install/handbot_bringup/share/handbot_bringup/scripts/handbot_100_gazebo.sh
-- Up-to-date: /home/darsh/ros2_ws/src/handbot_ros2/install/handbot_bringup/share/handbot_bringup/scripts/handbot_100_mtc_demos.sh
-- Up-to-date: /home/darsh/ros2_ws/src/handbot_ros2/install/handbot_bringup/share/ament_index/resource_index/package_run_dependencies/handbot_bringup
-- Up-to-date: /home/darsh/ros2_ws/src/handbot_ros2/install/handbot_bringup/share/ament_index/resource_index/parent_prefix_path/handbot_bringup
-- Up-to-date: /home/darsh/ros2_ws/src/handbot_ros2/install/handbot_bringup/share/handbot_bringup/environment/ament_prefix_path.sh
-- Up-to-date: /home/darsh/ros2_ws/src/handbot_ros2/install/handbot_bringup/share/handbot_bringup/environment/ament_prefix_path.dsv
-- Up-to-date: /home/darsh/ros2_ws/src/handbot_ros2/install/handbot_bringup/share/handbot_bringup/environment/path.sh
-- Up-to-date: /home/darsh/ros2_ws/src/handbot_ros2/install/handbot_bringup/share/handbot_bringup/environment/path.dsv
-- Up-to-date: /home/darsh/ros2_ws/src/handbot_ros2/install/handbot_bringup/share/handbot_bringup/local_setup.bash
-- Up-to-date: /home/darsh/ros2_ws/src/handbot_ros2/install/handbot_bringup/share/handbot_bringup/local_setup.sh
-- Up-to-date: /home/darsh/ros2_ws/src/handbot_ros2/install/handbot_bringup/share/handbot_bringup/local_setup.zsh
-- Up-to-date: /home/darsh/ros2_ws/src/handbot_ros2/install/handbot_bringup/share/handbot_bringup/local_setup.dsv
-- Installing: /home/darsh/ros2_ws/src/handbot_ros2/install/handbot_bringup/share/handbot_bringup/package.dsv
-- Up-to-date: /home/darsh/ros2_ws/src/handbot_ros2/install/handbot_bringup/share/ament_index/resource_index/packages/handbot_bringup
-- Up-to-date: /home/darsh/ros2_ws/src/handbot_ros2/install/handbot_bringup/share/handbot_bringup/cmake/handbot_bringupConfig.cmake
-- Up-to-date: /home/darsh/ros2_ws/src/handbot_ros2/install/handbot_bringup/share/handbot_bringup/cmake/handbot_bringupConfig-version.cmake
-- Up-to-date: /home/darsh/ros2_ws/src/handbot_ros2/install/handbot_bringup/share/handbot_bringup/package.xml
