[0.027s] Invoking command in '/home/darsh/ros2_ws/src/handbot_ros2/build/handbot_mtc_demos': CMAKE_PREFIX_PATH=${CMAKE_PREFIX_PATH}:/opt/ros/jazzy DEBUGINFOD_URLS=https://debuginfod.ubuntu.com /usr/bin/cmake /home/darsh/ros2_ws/src/handbot_ros2/handbot_mtc_demos -DCMAKE_INSTALL_PREFIX=/home/darsh/ros2_ws/src/handbot_ros2/install/handbot_mtc_demos
[0.048s] -- Found ament_cmake: 2.5.3 (/opt/ros/jazzy/share/ament_cmake/cmake)
[0.299s] -- Found generate_parameter_library: 0.4.0 (/opt/ros/jazzy/share/generate_parameter_library/cmake)
[0.299s] -- Found parameter_traits: 0.4.0 (/opt/ros/jazzy/share/parameter_traits/cmake)
[0.300s] -- Found rosidl_generator_c: 4.6.5 (/opt/ros/jazzy/share/rosidl_generator_c/cmake)
[0.300s] -- Found rosidl_generator_cpp: 4.6.5 (/opt/ros/jazzy/share/rosidl_generator_cpp/cmake)
[0.300s] -- Using all available rosidl_typesupport_c: rosidl_typesupport_fastrtps_c;rosidl_typesupport_introspection_c
[0.301s] -- Using all available rosidl_typesupport_cpp: rosidl_typesupport_fastrtps_cpp;rosidl_typesupport_introspection_cpp
[0.346s] -- Found rmw_implementation_cmake: 7.3.1 (/opt/ros/jazzy/share/rmw_implementation_cmake/cmake)
[0.347s] -- Found rmw_fastrtps_cpp: 8.4.1 (/opt/ros/jazzy/share/rmw_fastrtps_cpp/cmake)
[0.438s] -- Using RMW implementation 'rmw_fastrtps_cpp' as default
[0.495s] -- Found rclcpp_lifecycle: 28.1.6 (/opt/ros/jazzy/share/rclcpp_lifecycle/cmake)
[0.531s] -- Found moveit_common: 2.12.1 (/opt/ros/jazzy/share/moveit_common/cmake)
[0.620s] -- Found moveit_core: 2.12.1 (/opt/ros/jazzy/share/moveit_core/cmake)
[0.641s] -- Found Boost: /usr/lib/aarch64-linux-gnu/cmake/Boost-1.83.0/BoostConfig.cmake (found version "1.83.0") found components: chrono date_time filesystem iostreams program_options regex serialization system thread 
[0.669s] -- Found Boost: /usr/lib/aarch64-linux-gnu/cmake/Boost-1.83.0/BoostConfig.cmake (found version "1.83.0") found components: filesystem 
[0.778s] -- Ensuring Eigen3 include directory is part of orocos-kdl CMake target
[1.019s] -- Found moveit_ros_planning: 2.12.1 (/opt/ros/jazzy/share/moveit_ros_planning/cmake)
[1.022s] -- Found Boost: /usr/lib/aarch64-linux-gnu/cmake/Boost-1.83.0/BoostConfig.cmake (found version "1.83.0") found components: system filesystem date_time program_options thread chrono 
[1.055s] -- Found moveit_ros_planning_interface: 2.12.1 (/opt/ros/jazzy/share/moveit_ros_planning_interface/cmake)
[1.063s] -- Found Boost: /usr/lib/aarch64-linux-gnu/cmake/Boost-1.83.0/BoostConfig.cmake (found version "1.83.0") found components: date_time filesystem program_options system thread 
[1.082s] -- Found Boost: /usr/lib/aarch64-linux-gnu/cmake/Boost-1.83.0/BoostConfig.cmake (found version "1.83.0") found components: thread system filesystem regex date_time program_options 
[1.107s] -- Found Boost: /usr/lib/aarch64-linux-gnu/cmake/Boost-1.83.0/BoostConfig.cmake (found version "1.83.0") found components: system filesystem date_time program_options thread 
[1.156s] -- Configuring incomplete, errors occurred!
[1.157s] [31mCMake Error at CMakeLists.txt:25 (find_package):
[1.157s]   By not providing "Findmoveit_task_constructor_core.cmake" in
[1.157s]   CMAKE_MODULE_PATH this project has asked CMake to find a package
[1.158s]   configuration file provided by "moveit_task_constructor_core", but CMake
[1.158s]   did not find one.
[1.158s] 
[1.158s]   Could not find a package configuration file provided by
[1.158s]   "moveit_task_constructor_core" with any of the following names:
[1.158s] 
[1.158s]     moveit_task_constructor_coreConfig.cmake
[1.158s]     moveit_task_constructor_core-config.cmake
[1.158s] 
[1.158s]   Add the installation prefix of "moveit_task_constructor_core" to
[1.158s]   CMAKE_PREFIX_PATH or set "moveit_task_constructor_core_DIR" to a directory
[1.159s]   containing one of the above files.  If "moveit_task_constructor_core"
[1.159s]   provides a separate development package or SDK, be sure it has been
[1.159s]   installed.
[1.159s] 
[1.159s] [0m
[1.166s] Invoked command in '/home/darsh/ros2_ws/src/handbot_ros2/build/handbot_mtc_demos' returned '1': CMAKE_PREFIX_PATH=${CMAKE_PREFIX_PATH}:/opt/ros/jazzy DEBUGINFOD_URLS=https://debuginfod.ubuntu.com /usr/bin/cmake /home/darsh/ros2_ws/src/handbot_ros2/handbot_mtc_demos -DCMAKE_INSTALL_PREFIX=/home/darsh/ros2_ws/src/handbot_ros2/install/handbot_mtc_demos
