[0.046s] Invoking command in '/home/darsh/ros2_ws/src/handbot_ros2/build/handbot_bringup': CMAKE_PREFIX_PATH=${CMAKE_PREFIX_PATH}:/opt/ros/jazzy DEBUGINFOD_URLS=https://debuginfod.ubuntu.com /usr/bin/cmake /home/darsh/ros2_ws/src/handbot_ros2/handbot_bringup -DCMAKE_INSTALL_PREFIX=/home/darsh/ros2_ws/src/handbot_ros2/install/handbot_bringup
[0.260s] -- The C compiler identification is GNU 13.3.0
[0.473s] -- The CXX compiler identification is GNU 13.3.0
[0.509s] -- Detecting C compiler ABI info
[0.664s] -- Detecting C compiler ABI info - done
[0.674s] -- Check for working C compiler: /usr/bin/cc - skipped
[0.674s] -- Detecting C compile features
[0.674s] -- Detecting C compile features - done
[0.690s] -- Detecting CXX compiler ABI info
[0.830s] -- Detecting CXX compiler ABI info - done
[0.843s] -- Check for working CXX compiler: /usr/bin/c++ - skipped
[0.843s] -- Detecting CXX compile features
[0.844s] -- Detecting CXX compile features - done
[0.857s] -- Found ament_cmake: 2.5.3 (/opt/ros/jazzy/share/ament_cmake/cmake)
[1.034s] -- Found Python3: /usr/bin/python3 (found version "3.12.3") found components: Interpreter 
[1.207s] -- Found ament_lint_auto: 0.17.1 (/opt/ros/jazzy/share/ament_lint_auto/cmake)
[1.364s] -- Added test 'lint_cmake' to check CMake code style
[1.364s] -- Added test 'xmllint' to check XML markup files
[1.367s] -- Configuring done (1.3s)
[1.379s] -- Generating done (0.0s)
[1.379s] -- Build files have been written to: /home/darsh/ros2_ws/src/handbot_ros2/build/handbot_bringup
[1.386s] Invoked command in '/home/darsh/ros2_ws/src/handbot_ros2/build/handbot_bringup' returned '0': CMAKE_PREFIX_PATH=${CMAKE_PREFIX_PATH}:/opt/ros/jazzy DEBUGINFOD_URLS=https://debuginfod.ubuntu.com /usr/bin/cmake /home/darsh/ros2_ws/src/handbot_ros2/handbot_bringup -DCMAKE_INSTALL_PREFIX=/home/darsh/ros2_ws/src/handbot_ros2/install/handbot_bringup
[1.387s] Invoking command in '/home/darsh/ros2_ws/src/handbot_ros2/build/handbot_bringup': CMAKE_PREFIX_PATH=${CMAKE_PREFIX_PATH}:/opt/ros/jazzy DEBUGINFOD_URLS=https://debuginfod.ubuntu.com /usr/bin/cmake --build /home/darsh/ros2_ws/src/handbot_ros2/build/handbot_bringup -- -j12 -l12
[1.423s] Invoked command in '/home/darsh/ros2_ws/src/handbot_ros2/build/handbot_bringup' returned '0': CMAKE_PREFIX_PATH=${CMAKE_PREFIX_PATH}:/opt/ros/jazzy DEBUGINFOD_URLS=https://debuginfod.ubuntu.com /usr/bin/cmake --build /home/darsh/ros2_ws/src/handbot_ros2/build/handbot_bringup -- -j12 -l12
[1.435s] Invoking command in '/home/darsh/ros2_ws/src/handbot_ros2/build/handbot_bringup': CMAKE_PREFIX_PATH=${CMAKE_PREFIX_PATH}:/opt/ros/jazzy DEBUGINFOD_URLS=https://debuginfod.ubuntu.com /usr/bin/cmake --install /home/darsh/ros2_ws/src/handbot_ros2/build/handbot_bringup
[1.444s] -- Install configuration: ""
[1.444s] -- Installing: /home/darsh/ros2_ws/src/handbot_ros2/install/handbot_bringup/share/handbot_bringup/scripts
[1.444s] -- Installing: /home/darsh/ros2_ws/src/handbot_ros2/install/handbot_bringup/share/handbot_bringup/scripts/handbot_100_gazebo_and_moveit.sh
[1.444s] -- Installing: /home/darsh/ros2_ws/src/handbot_ros2/install/handbot_bringup/share/handbot_bringup/scripts/handbot_100_gazebo.sh
[1.444s] -- Installing: /home/darsh/ros2_ws/src/handbot_ros2/install/handbot_bringup/share/handbot_bringup/scripts/handbot_100_mtc_demos.sh
[1.445s] -- Installing: /home/darsh/ros2_ws/src/handbot_ros2/install/handbot_bringup/share/ament_index/resource_index/package_run_dependencies/handbot_bringup
[1.446s] -- Installing: /home/darsh/ros2_ws/src/handbot_ros2/install/handbot_bringup/share/ament_index/resource_index/parent_prefix_path/handbot_bringup
[1.446s] -- Installing: /home/darsh/ros2_ws/src/handbot_ros2/install/handbot_bringup/share/handbot_bringup/environment/ament_prefix_path.sh
[1.446s] -- Installing: /home/darsh/ros2_ws/src/handbot_ros2/install/handbot_bringup/share/handbot_bringup/environment/ament_prefix_path.dsv
[1.446s] -- Installing: /home/darsh/ros2_ws/src/handbot_ros2/install/handbot_bringup/share/handbot_bringup/environment/path.sh
[1.446s] -- Installing: /home/darsh/ros2_ws/src/handbot_ros2/install/handbot_bringup/share/handbot_bringup/environment/path.dsv
[1.446s] -- Installing: /home/darsh/ros2_ws/src/handbot_ros2/install/handbot_bringup/share/handbot_bringup/local_setup.bash
[1.446s] -- Installing: /home/darsh/ros2_ws/src/handbot_ros2/install/handbot_bringup/share/handbot_bringup/local_setup.sh
[1.446s] -- Installing: /home/darsh/ros2_ws/src/handbot_ros2/install/handbot_bringup/share/handbot_bringup/local_setup.zsh
[1.446s] -- Installing: /home/darsh/ros2_ws/src/handbot_ros2/install/handbot_bringup/share/handbot_bringup/local_setup.dsv
[1.446s] -- Installing: /home/darsh/ros2_ws/src/handbot_ros2/install/handbot_bringup/share/handbot_bringup/package.dsv
[1.446s] -- Installing: /home/darsh/ros2_ws/src/handbot_ros2/install/handbot_bringup/share/ament_index/resource_index/packages/handbot_bringup
[1.446s] -- Installing: /home/darsh/ros2_ws/src/handbot_ros2/install/handbot_bringup/share/handbot_bringup/cmake/handbot_bringupConfig.cmake
[1.447s] -- Installing: /home/darsh/ros2_ws/src/handbot_ros2/install/handbot_bringup/share/handbot_bringup/cmake/handbot_bringupConfig-version.cmake
[1.447s] -- Installing: /home/darsh/ros2_ws/src/handbot_ros2/install/handbot_bringup/share/handbot_bringup/package.xml
[1.455s] Invoked command in '/home/darsh/ros2_ws/src/handbot_ros2/build/handbot_bringup' returned '0': CMAKE_PREFIX_PATH=${CMAKE_PREFIX_PATH}:/opt/ros/jazzy DEBUGINFOD_URLS=https://debuginfod.ubuntu.com /usr/bin/cmake --install /home/darsh/ros2_ws/src/handbot_ros2/build/handbot_bringup
