-- Install configuration: ""
-- Installing: /home/darsh/ros2_ws/src/handbot_ros2/install/handbot_moveit_config/share/handbot_moveit_config/config
-- Installing: /home/darsh/ros2_ws/src/handbot_ros2/install/handbot_moveit_config/share/handbot_moveit_config/config/stomp_planning.yaml
-- Installing: /home/darsh/ros2_ws/src/handbot_ros2/install/handbot_moveit_config/share/handbot_moveit_config/config/pilz_industrial_motion_planner_planning.yaml
-- Installing: /home/darsh/ros2_ws/src/handbot_ros2/install/handbot_moveit_config/share/handbot_moveit_config/config/ompl_planning.yaml
-- Installing: /home/darsh/ros2_ws/src/handbot_ros2/install/handbot_moveit_config/share/handbot_moveit_config/config/handbot_100
-- Installing: /home/darsh/ros2_ws/src/handbot_ros2/install/handbot_moveit_config/share/handbot_moveit_config/config/handbot_100/ros2_controllers.yaml
-- Installing: /home/darsh/ros2_ws/src/handbot_ros2/install/handbot_moveit_config/share/handbot_moveit_config/config/handbot_100/kinematics.yaml
-- Installing: /home/darsh/ros2_ws/src/handbot_ros2/install/handbot_moveit_config/share/handbot_moveit_config/config/handbot_100/handbot_100.srdf
-- Installing: /home/darsh/ros2_ws/src/handbot_ros2/install/handbot_moveit_config/share/handbot_moveit_config/config/handbot_100/ros2_controllers_template.yaml
-- Installing: /home/darsh/ros2_ws/src/handbot_ros2/install/handbot_moveit_config/share/handbot_moveit_config/config/handbot_100/moveit_controllers.yaml
-- Installing: /home/darsh/ros2_ws/src/handbot_ros2/install/handbot_moveit_config/share/handbot_moveit_config/config/handbot_100/initial_positions.yaml
-- Installing: /home/darsh/ros2_ws/src/handbot_ros2/install/handbot_moveit_config/share/handbot_moveit_config/config/handbot_100/joint_limits.yaml
-- Installing: /home/darsh/ros2_ws/src/handbot_ros2/install/handbot_moveit_config/share/handbot_moveit_config/config/handbot_100/pilz_cartesian_limits.yaml
-- Installing: /home/darsh/ros2_ws/src/handbot_ros2/install/handbot_moveit_config/share/handbot_moveit_config/launch
-- Installing: /home/darsh/ros2_ws/src/handbot_ros2/install/handbot_moveit_config/share/handbot_moveit_config/launch/move_group.launch.py
-- Installing: /home/darsh/ros2_ws/src/handbot_ros2/install/handbot_moveit_config/share/handbot_moveit_config/launch/load_ros2_controllers.launch.py
-- Installing: /home/darsh/ros2_ws/src/handbot_ros2/install/handbot_moveit_config/share/handbot_moveit_config/rviz
-- Installing: /home/darsh/ros2_ws/src/handbot_ros2/install/handbot_moveit_config/share/handbot_moveit_config/rviz/move_group.rviz
-- Installing: /home/darsh/ros2_ws/src/handbot_ros2/install/handbot_moveit_config/share/handbot_moveit_config/.setup_assistant
-- Installing: /home/darsh/ros2_ws/src/handbot_ros2/install/handbot_moveit_config/share/ament_index/resource_index/package_run_dependencies/handbot_moveit_config
-- Installing: /home/darsh/ros2_ws/src/handbot_ros2/install/handbot_moveit_config/share/ament_index/resource_index/parent_prefix_path/handbot_moveit_config
-- Installing: /home/darsh/ros2_ws/src/handbot_ros2/install/handbot_moveit_config/share/handbot_moveit_config/environment/ament_prefix_path.sh
-- Installing: /home/darsh/ros2_ws/src/handbot_ros2/install/handbot_moveit_config/share/handbot_moveit_config/environment/ament_prefix_path.dsv
-- Installing: /home/darsh/ros2_ws/src/handbot_ros2/install/handbot_moveit_config/share/handbot_moveit_config/environment/path.sh
-- Installing: /home/darsh/ros2_ws/src/handbot_ros2/install/handbot_moveit_config/share/handbot_moveit_config/environment/path.dsv
-- Installing: /home/darsh/ros2_ws/src/handbot_ros2/install/handbot_moveit_config/share/handbot_moveit_config/local_setup.bash
-- Installing: /home/darsh/ros2_ws/src/handbot_ros2/install/handbot_moveit_config/share/handbot_moveit_config/local_setup.sh
-- Installing: /home/darsh/ros2_ws/src/handbot_ros2/install/handbot_moveit_config/share/handbot_moveit_config/local_setup.zsh
-- Installing: /home/darsh/ros2_ws/src/handbot_ros2/install/handbot_moveit_config/share/handbot_moveit_config/local_setup.dsv
-- Installing: /home/darsh/ros2_ws/src/handbot_ros2/install/handbot_moveit_config/share/handbot_moveit_config/package.dsv
-- Installing: /home/darsh/ros2_ws/src/handbot_ros2/install/handbot_moveit_config/share/ament_index/resource_index/packages/handbot_moveit_config
-- Installing: /home/darsh/ros2_ws/src/handbot_ros2/install/handbot_moveit_config/share/handbot_moveit_config/cmake/handbot_moveit_configConfig.cmake
-- Installing: /home/darsh/ros2_ws/src/handbot_ros2/install/handbot_moveit_config/share/handbot_moveit_config/cmake/handbot_moveit_configConfig-version.cmake
-- Installing: /home/darsh/ros2_ws/src/handbot_ros2/install/handbot_moveit_config/share/handbot_moveit_config/package.xml
