[0.029s] Invoking command in '/home/darsh/ros2_ws/src/handbot_ros2/build/handbot_moveit_config': CMAKE_PREFIX_PATH=${CMAKE_PREFIX_PATH}:/opt/ros/jazzy DEBUGINFOD_URLS=https://debuginfod.ubuntu.com /usr/bin/cmake --build /home/darsh/ros2_ws/src/handbot_ros2/build/handbot_moveit_config -- -j12 -l12
[0.094s] Invoked command in '/home/darsh/ros2_ws/src/handbot_ros2/build/handbot_moveit_config' returned '0': CMAKE_PREFIX_PATH=${CMAKE_PREFIX_PATH}:/opt/ros/jazzy DEBUGINFOD_URLS=https://debuginfod.ubuntu.com /usr/bin/cmake --build /home/darsh/ros2_ws/src/handbot_ros2/build/handbot_moveit_config -- -j12 -l12
[0.095s] Invoking command in '/home/darsh/ros2_ws/src/handbot_ros2/build/handbot_moveit_config': CMAKE_PREFIX_PATH=${CMAKE_PREFIX_PATH}:/opt/ros/jazzy DEBUGINFOD_URLS=https://debuginfod.ubuntu.com /usr/bin/cmake --install /home/darsh/ros2_ws/src/handbot_ros2/build/handbot_moveit_config
[0.146s] -- Install configuration: ""
[0.146s] -- Installing: /home/darsh/ros2_ws/src/handbot_ros2/install/handbot_moveit_config/share/handbot_moveit_config/config
[0.146s] -- Installing: /home/darsh/ros2_ws/src/handbot_ros2/install/handbot_moveit_config/share/handbot_moveit_config/config/stomp_planning.yaml
[0.147s] -- Installing: /home/darsh/ros2_ws/src/handbot_ros2/install/handbot_moveit_config/share/handbot_moveit_config/config/pilz_industrial_motion_planner_planning.yaml
[0.147s] -- Installing: /home/darsh/ros2_ws/src/handbot_ros2/install/handbot_moveit_config/share/handbot_moveit_config/config/ompl_planning.yaml
[0.147s] -- Installing: /home/darsh/ros2_ws/src/handbot_ros2/install/handbot_moveit_config/share/handbot_moveit_config/config/handbot_100
[0.147s] -- Installing: /home/darsh/ros2_ws/src/handbot_ros2/install/handbot_moveit_config/share/handbot_moveit_config/config/handbot_100/ros2_controllers.yaml
[0.147s] -- Installing: /home/darsh/ros2_ws/src/handbot_ros2/install/handbot_moveit_config/share/handbot_moveit_config/config/handbot_100/kinematics.yaml
[0.147s] -- Installing: /home/darsh/ros2_ws/src/handbot_ros2/install/handbot_moveit_config/share/handbot_moveit_config/config/handbot_100/handbot_100.srdf
[0.147s] -- Installing: /home/darsh/ros2_ws/src/handbot_ros2/install/handbot_moveit_config/share/handbot_moveit_config/config/handbot_100/ros2_controllers_template.yaml
[0.147s] -- Installing: /home/darsh/ros2_ws/src/handbot_ros2/install/handbot_moveit_config/share/handbot_moveit_config/config/handbot_100/moveit_controllers.yaml
[0.147s] -- Installing: /home/darsh/ros2_ws/src/handbot_ros2/install/handbot_moveit_config/share/handbot_moveit_config/config/handbot_100/initial_positions.yaml
[0.147s] -- Installing: /home/darsh/ros2_ws/src/handbot_ros2/install/handbot_moveit_config/share/handbot_moveit_config/config/handbot_100/joint_limits.yaml
[0.147s] -- Installing: /home/darsh/ros2_ws/src/handbot_ros2/install/handbot_moveit_config/share/handbot_moveit_config/config/handbot_100/pilz_cartesian_limits.yaml
[0.147s] -- Installing: /home/darsh/ros2_ws/src/handbot_ros2/install/handbot_moveit_config/share/handbot_moveit_config/launch
[0.147s] -- Installing: /home/darsh/ros2_ws/src/handbot_ros2/install/handbot_moveit_config/share/handbot_moveit_config/launch/move_group.launch.py
[0.147s] -- Installing: /home/darsh/ros2_ws/src/handbot_ros2/install/handbot_moveit_config/share/handbot_moveit_config/launch/load_ros2_controllers.launch.py
[0.147s] -- Installing: /home/darsh/ros2_ws/src/handbot_ros2/install/handbot_moveit_config/share/handbot_moveit_config/rviz
[0.147s] -- Installing: /home/darsh/ros2_ws/src/handbot_ros2/install/handbot_moveit_config/share/handbot_moveit_config/rviz/move_group.rviz
[0.147s] -- Installing: /home/darsh/ros2_ws/src/handbot_ros2/install/handbot_moveit_config/share/handbot_moveit_config/.setup_assistant
[0.147s] -- Installing: /home/darsh/ros2_ws/src/handbot_ros2/install/handbot_moveit_config/share/ament_index/resource_index/package_run_dependencies/handbot_moveit_config
[0.147s] -- Installing: /home/darsh/ros2_ws/src/handbot_ros2/install/handbot_moveit_config/share/ament_index/resource_index/parent_prefix_path/handbot_moveit_config
[0.147s] -- Installing: /home/darsh/ros2_ws/src/handbot_ros2/install/handbot_moveit_config/share/handbot_moveit_config/environment/ament_prefix_path.sh
[0.147s] -- Installing: /home/darsh/ros2_ws/src/handbot_ros2/install/handbot_moveit_config/share/handbot_moveit_config/environment/ament_prefix_path.dsv
[0.147s] -- Installing: /home/darsh/ros2_ws/src/handbot_ros2/install/handbot_moveit_config/share/handbot_moveit_config/environment/path.sh
[0.147s] -- Installing: /home/darsh/ros2_ws/src/handbot_ros2/install/handbot_moveit_config/share/handbot_moveit_config/environment/path.dsv
[0.147s] -- Installing: /home/darsh/ros2_ws/src/handbot_ros2/install/handbot_moveit_config/share/handbot_moveit_config/local_setup.bash
[0.147s] -- Installing: /home/darsh/ros2_ws/src/handbot_ros2/install/handbot_moveit_config/share/handbot_moveit_config/local_setup.sh
[0.147s] -- Installing: /home/darsh/ros2_ws/src/handbot_ros2/install/handbot_moveit_config/share/handbot_moveit_config/local_setup.zsh
[0.147s] -- Installing: /home/darsh/ros2_ws/src/handbot_ros2/install/handbot_moveit_config/share/handbot_moveit_config/local_setup.dsv
[0.147s] -- Installing: /home/darsh/ros2_ws/src/handbot_ros2/install/handbot_moveit_config/share/handbot_moveit_config/package.dsv
[0.147s] -- Installing: /home/darsh/ros2_ws/src/handbot_ros2/install/handbot_moveit_config/share/ament_index/resource_index/packages/handbot_moveit_config
[0.147s] -- Installing: /home/darsh/ros2_ws/src/handbot_ros2/install/handbot_moveit_config/share/handbot_moveit_config/cmake/handbot_moveit_configConfig.cmake
[0.147s] -- Installing: /home/darsh/ros2_ws/src/handbot_ros2/install/handbot_moveit_config/share/handbot_moveit_config/cmake/handbot_moveit_configConfig-version.cmake
[0.147s] -- Installing: /home/darsh/ros2_ws/src/handbot_ros2/install/handbot_moveit_config/share/handbot_moveit_config/package.xml
[0.260s] Invoked command in '/home/darsh/ros2_ws/src/handbot_ros2/build/handbot_moveit_config' returned '0': CMAKE_PREFIX_PATH=${CMAKE_PREFIX_PATH}:/opt/ros/jazzy DEBUGINFOD_URLS=https://debuginfod.ubuntu.com /usr/bin/cmake --install /home/darsh/ros2_ws/src/handbot_ros2/build/handbot_moveit_config
