[0.049s] Invoking command in '/home/darsh/ros2_ws/src/handbot_ros2/build/handbot_description': CMAKE_PREFIX_PATH=${CMAKE_PREFIX_PATH}:/opt/ros/jazzy DEBUGINFOD_URLS=https://debuginfod.ubuntu.com /usr/bin/cmake --build /home/darsh/ros2_ws/src/handbot_ros2/build/handbot_description -- -j12 -l12
[0.162s] Invoked command in '/home/darsh/ros2_ws/src/handbot_ros2/build/handbot_description' returned '0': CMAKE_PREFIX_PATH=${CMAKE_PREFIX_PATH}:/opt/ros/jazzy DEBUGINFOD_URLS=https://debuginfod.ubuntu.com /usr/bin/cmake --build /home/darsh/ros2_ws/src/handbot_ros2/build/handbot_description -- -j12 -l12
[0.163s] Invoking command in '/home/darsh/ros2_ws/src/handbot_ros2/build/handbot_description': CMAKE_PREFIX_PATH=${CMAKE_PREFIX_PATH}:/opt/ros/jazzy DEBUGINFOD_URLS=https://debuginfod.ubuntu.com /usr/bin/cmake --install /home/darsh/ros2_ws/src/handbot_ros2/build/handbot_description
[0.179s] -- Install configuration: ""
[0.179s] -- Up-to-date: /home/darsh/ros2_ws/src/handbot_ros2/install/handbot_description/share/handbot_description/launch
[0.179s] -- Up-to-date: /home/darsh/ros2_ws/src/handbot_ros2/install/handbot_description/share/handbot_description/launch/robot_state_publisher.launch.py
[0.179s] -- Up-to-date: /home/darsh/ros2_ws/src/handbot_ros2/install/handbot_description/share/handbot_description/meshes
[0.179s] -- Up-to-date: /home/darsh/ros2_ws/src/handbot_ros2/install/handbot_description/share/handbot_description/meshes/d435
[0.179s] -- Up-to-date: /home/darsh/ros2_ws/src/handbot_ros2/install/handbot_description/share/handbot_description/meshes/d435/visual
[0.179s] -- Up-to-date: /home/darsh/ros2_ws/src/handbot_ros2/install/handbot_description/share/handbot_description/meshes/d435/visual/d435.stl
[0.179s] -- Up-to-date: /home/darsh/ros2_ws/src/handbot_ros2/install/handbot_description/share/handbot_description/meshes/g_shape_base_v2_0
[0.179s] -- Up-to-date: /home/darsh/ros2_ws/src/handbot_ros2/install/handbot_description/share/handbot_description/meshes/g_shape_base_v2_0/visual
[0.179s] -- Up-to-date: /home/darsh/ros2_ws/src/handbot_ros2/install/handbot_description/share/handbot_description/meshes/g_shape_base_v2_0/visual/base_link.dae
[0.179s] -- Up-to-date: /home/darsh/ros2_ws/src/handbot_ros2/install/handbot_description/share/handbot_description/meshes/adaptive_gripper
[0.179s] -- Up-to-date: /home/darsh/ros2_ws/src/handbot_ros2/install/handbot_description/share/handbot_description/meshes/adaptive_gripper/visual
[0.179s] -- Up-to-date: /home/darsh/ros2_ws/src/handbot_ros2/install/handbot_description/share/handbot_description/meshes/adaptive_gripper/visual/gripper_right3.dae
[0.179s] -- Up-to-date: /home/darsh/ros2_ws/src/handbot_ros2/install/handbot_description/share/handbot_description/meshes/adaptive_gripper/visual/gripper_left2.dae
[0.180s] -- Up-to-date: /home/darsh/ros2_ws/src/handbot_ros2/install/handbot_description/share/handbot_description/meshes/adaptive_gripper/visual/gripper_right2.dae
[0.180s] -- Up-to-date: /home/darsh/ros2_ws/src/handbot_ros2/install/handbot_description/share/handbot_description/meshes/adaptive_gripper/visual/gripper_base.dae
[0.180s] -- Up-to-date: /home/darsh/ros2_ws/src/handbot_ros2/install/handbot_description/share/handbot_description/meshes/adaptive_gripper/visual/gripper_left1.dae
[0.180s] -- Up-to-date: /home/darsh/ros2_ws/src/handbot_ros2/install/handbot_description/share/handbot_description/meshes/adaptive_gripper/visual/gripper_right1.dae
[0.180s] -- Up-to-date: /home/darsh/ros2_ws/src/handbot_ros2/install/handbot_description/share/handbot_description/meshes/adaptive_gripper/visual/gripper_left3.dae
[0.180s] -- Up-to-date: /home/darsh/ros2_ws/src/handbot_ros2/install/handbot_description/share/handbot_description/meshes/handbot_100
[0.181s] -- Up-to-date: /home/darsh/ros2_ws/src/handbot_ros2/install/handbot_description/share/handbot_description/meshes/handbot_100/visual
[0.182s] -- Up-to-date: /home/darsh/ros2_ws/src/handbot_ros2/install/handbot_description/share/handbot_description/meshes/handbot_100/visual/suit_env.dae
[0.182s] -- Up-to-date: /home/darsh/ros2_ws/src/handbot_ros2/install/handbot_description/share/handbot_description/meshes/handbot_100/visual/link3.dae
[0.182s] -- Up-to-date: /home/darsh/ros2_ws/src/handbot_ros2/install/handbot_description/share/handbot_description/meshes/handbot_100/visual/link3.png
[0.182s] -- Up-to-date: /home/darsh/ros2_ws/src/handbot_ros2/install/handbot_description/share/handbot_description/meshes/handbot_100/visual/link6.png
[0.182s] -- Up-to-date: /home/darsh/ros2_ws/src/handbot_ros2/install/handbot_description/share/handbot_description/meshes/handbot_100/visual/link4.png
[0.182s] -- Up-to-date: /home/darsh/ros2_ws/src/handbot_ros2/install/handbot_description/share/handbot_description/meshes/handbot_100/visual/link5.dae
[0.182s] -- Up-to-date: /home/darsh/ros2_ws/src/handbot_ros2/install/handbot_description/share/handbot_description/meshes/handbot_100/visual/link2.png
[0.182s] -- Up-to-date: /home/darsh/ros2_ws/src/handbot_ros2/install/handbot_description/share/handbot_description/meshes/handbot_100/visual/link7.png
[0.182s] -- Up-to-date: /home/darsh/ros2_ws/src/handbot_ros2/install/handbot_description/share/handbot_description/meshes/handbot_100/visual/link6.dae
[0.185s] -- Up-to-date: /home/darsh/ros2_ws/src/handbot_ros2/install/handbot_description/share/handbot_description/meshes/handbot_100/visual/link7.dae
[0.185s] -- Up-to-date: /home/darsh/ros2_ws/src/handbot_ros2/install/handbot_description/share/handbot_description/meshes/handbot_100/visual/link2.dae
[0.185s] -- Up-to-date: /home/darsh/ros2_ws/src/handbot_ros2/install/handbot_description/share/handbot_description/meshes/handbot_100/visual/link1.dae
[0.185s] -- Up-to-date: /home/darsh/ros2_ws/src/handbot_ros2/install/handbot_description/share/handbot_description/meshes/handbot_100/visual/link5.png
[0.185s] -- Up-to-date: /home/darsh/ros2_ws/src/handbot_ros2/install/handbot_description/share/handbot_description/meshes/handbot_100/visual/link1.png
[0.185s] -- Up-to-date: /home/darsh/ros2_ws/src/handbot_ros2/install/handbot_description/share/handbot_description/meshes/handbot_100/visual/link4.dae
[0.185s] -- Up-to-date: /home/darsh/ros2_ws/src/handbot_ros2/install/handbot_description/share/handbot_description/urdf
[0.185s] -- Up-to-date: /home/darsh/ros2_ws/src/handbot_ros2/install/handbot_description/share/handbot_description/urdf/handbot100_rviz.png
[0.190s] -- Up-to-date: /home/darsh/ros2_ws/src/handbot_ros2/install/handbot_description/share/handbot_description/urdf/mech
[0.190s] -- Up-to-date: /home/darsh/ros2_ws/src/handbot_ros2/install/handbot_description/share/handbot_description/urdf/mech/adaptive_gripper.urdf.xacro
[0.190s] -- Up-to-date: /home/darsh/ros2_ws/src/handbot_ros2/install/handbot_description/share/handbot_description/urdf/mech/g_shape_base_v2_0.urdf.xacro
[0.190s] -- Up-to-date: /home/darsh/ros2_ws/src/handbot_ros2/install/handbot_description/share/handbot_description/urdf/mech/handbot_100_arm.urdf.xacro
[0.190s] -- Up-to-date: /home/darsh/ros2_ws/src/handbot_ros2/install/handbot_description/share/handbot_description/urdf/robots
[0.190s] -- Up-to-date: /home/darsh/ros2_ws/src/handbot_ros2/install/handbot_description/share/handbot_description/urdf/robots/handbot_100.urdf.xacro
[0.190s] -- Up-to-date: /home/darsh/ros2_ws/src/handbot_ros2/install/handbot_description/share/handbot_description/urdf/control
[0.190s] -- Up-to-date: /home/darsh/ros2_ws/src/handbot_ros2/install/handbot_description/share/handbot_description/urdf/control/gazebo_sim_ros2_control.urdf.xacro
[0.191s] -- Up-to-date: /home/darsh/ros2_ws/src/handbot_ros2/install/handbot_description/share/handbot_description/urdf/control/handbot_100_ros2_control.urdf.xacro
[0.195s] -- Up-to-date: /home/darsh/ros2_ws/src/handbot_ros2/install/handbot_description/share/handbot_description/urdf/sensors
[0.201s] -- Up-to-date: /home/darsh/ros2_ws/src/handbot_ros2/install/handbot_description/share/handbot_description/urdf/sensors/intel_rgbd_cam_d435.urdf.xacro
[0.201s] -- Up-to-date: /home/darsh/ros2_ws/src/handbot_ros2/install/handbot_description/share/handbot_description/rviz
[0.201s] -- Up-to-date: /home/darsh/ros2_ws/src/handbot_ros2/install/handbot_description/share/handbot_description/rviz/handbot_100_description.rviz
[0.201s] -- Up-to-date: /home/darsh/ros2_ws/src/handbot_ros2/install/handbot_description/share/ament_index/resource_index/package_run_dependencies/handbot_description
[0.201s] -- Up-to-date: /home/darsh/ros2_ws/src/handbot_ros2/install/handbot_description/share/ament_index/resource_index/parent_prefix_path/handbot_description
[0.201s] -- Up-to-date: /home/darsh/ros2_ws/src/handbot_ros2/install/handbot_description/share/handbot_description/environment/ament_prefix_path.sh
[0.202s] -- Up-to-date: /home/darsh/ros2_ws/src/handbot_ros2/install/handbot_description/share/handbot_description/environment/ament_prefix_path.dsv
[0.202s] -- Up-to-date: /home/darsh/ros2_ws/src/handbot_ros2/install/handbot_description/share/handbot_description/environment/path.sh
[0.202s] -- Up-to-date: /home/darsh/ros2_ws/src/handbot_ros2/install/handbot_description/share/handbot_description/environment/path.dsv
[0.202s] -- Up-to-date: /home/darsh/ros2_ws/src/handbot_ros2/install/handbot_description/share/handbot_description/local_setup.bash
[0.202s] -- Up-to-date: /home/darsh/ros2_ws/src/handbot_ros2/install/handbot_description/share/handbot_description/local_setup.sh
[0.214s] -- Up-to-date: /home/darsh/ros2_ws/src/handbot_ros2/install/handbot_description/share/handbot_description/local_setup.zsh
[0.214s] -- Up-to-date: /home/darsh/ros2_ws/src/handbot_ros2/install/handbot_description/share/handbot_description/local_setup.dsv
[0.214s] -- Installing: /home/darsh/ros2_ws/src/handbot_ros2/install/handbot_description/share/handbot_description/package.dsv
[0.214s] -- Up-to-date: /home/darsh/ros2_ws/src/handbot_ros2/install/handbot_description/share/ament_index/resource_index/packages/handbot_description
[0.215s] -- Up-to-date: /home/darsh/ros2_ws/src/handbot_ros2/install/handbot_description/share/handbot_description/cmake/handbot_descriptionConfig.cmake
[0.216s] -- Up-to-date: /home/darsh/ros2_ws/src/handbot_ros2/install/handbot_description/share/handbot_description/cmake/handbot_descriptionConfig-version.cmake
[0.216s] -- Up-to-date: /home/darsh/ros2_ws/src/handbot_ros2/install/handbot_description/share/handbot_description/package.xml
[0.232s] Invoked command in '/home/darsh/ros2_ws/src/handbot_ros2/build/handbot_description' returned '0': CMAKE_PREFIX_PATH=${CMAKE_PREFIX_PATH}:/opt/ros/jazzy DEBUGINFOD_URLS=https://debuginfod.ubuntu.com /usr/bin/cmake --install /home/darsh/ros2_ws/src/handbot_ros2/build/handbot_description
