[0.034s] Invoking command in '/home/darsh/ros2_ws/src/handbot_ros2/build/handbot_interfaces': CMAKE_PREFIX_PATH=${CMAKE_PREFIX_PATH}:/opt/ros/jazzy DEBUGINFOD_URLS=https://debuginfod.ubuntu.com /usr/bin/cmake --build /home/darsh/ros2_ws/src/handbot_ros2/build/handbot_interfaces -- -j12 -l12
[0.107s] [  2%] [34m[1mGenerating type hashes for ROS interfaces[0m
[0.128s] [  2%] Built target ament_cmake_python_copy_handbot_interfaces
[0.361s] running egg_info
[0.361s] creating handbot_interfaces.egg-info
[0.377s] writing handbot_interfaces.egg-info/PKG-INFO
[0.377s] writing dependency_links to handbot_interfaces.egg-info/dependency_links.txt
[0.377s] writing top-level names to handbot_interfaces.egg-info/top_level.txt
[0.377s] writing manifest file 'handbot_interfaces.egg-info/SOURCES.txt'
[0.423s] reading manifest file 'handbot_interfaces.egg-info/SOURCES.txt'
[0.423s] writing manifest file 'handbot_interfaces.egg-info/SOURCES.txt'
[0.448s] [  2%] Built target ament_cmake_python_build_handbot_interfaces_egg
[0.469s] [  2%] Built target handbot_interfaces__rosidl_generator_type_description
[0.481s] [  5%] [34m[1mGenerating C code for ROS interfaces[0m
[0.487s] [  8%] [34m[1mGenerating C++ code for ROS interfaces[0m
[0.813s] [  8%] Built target handbot_interfaces__cpp
[0.894s] [ 11%] [32mBuilding C object CMakeFiles/handbot_interfaces__rosidl_generator_c.dir/rosidl_generator_c/handbot_interfaces/srv/detail/get_planning_scene__functions.c.o[0m
[0.894s] [ 17%] [32mBuilding C object CMakeFiles/handbot_interfaces__rosidl_generator_c.dir/rosidl_generator_c/handbot_interfaces/srv/detail/get_planning_scene__type_support.c.o[0m
[0.894s] [ 14%] [32mBuilding C object CMakeFiles/handbot_interfaces__rosidl_generator_c.dir/rosidl_generator_c/handbot_interfaces/srv/detail/get_planning_scene__description.c.o[0m
[1.065s] [ 20%] [32m[1mLinking C shared library libhandbot_interfaces__rosidl_generator_c.so[0m
[1.137s] [ 20%] Built target handbot_interfaces__rosidl_generator_c
[1.148s] [ 23%] [34m[1mGenerating C++ type support dispatch for ROS interfaces[0m
[1.149s] [ 26%] [34m[1mGenerating C type support for eProsima Fast-RTPS[0m
[1.154s] [ 29%] [34m[1mGenerating C++ type support for eProsima Fast-RTPS[0m
[1.161s] [ 32%] [34m[1mGenerating C type support dispatch for ROS interfaces[0m
[1.161s] [ 35%] [34m[1mGenerating C++ introspection for ROS interfaces[0m
[1.163s] [ 38%] [34m[1mGenerating C introspection for ROS interfaces[0m
[1.443s] [ 41%] [32mBuilding CXX object CMakeFiles/handbot_interfaces__rosidl_typesupport_c.dir/rosidl_typesupport_c/handbot_interfaces/srv/get_planning_scene__type_support.cpp.o[0m
[1.460s] [ 44%] [32mBuilding CXX object CMakeFiles/handbot_interfaces__rosidl_typesupport_cpp.dir/rosidl_typesupport_cpp/handbot_interfaces/srv/get_planning_scene__type_support.cpp.o[0m
[1.472s] [ 47%] [32mBuilding CXX object CMakeFiles/handbot_interfaces__rosidl_typesupport_introspection_cpp.dir/rosidl_typesupport_introspection_cpp/handbot_interfaces/srv/detail/get_planning_scene__type_support.cpp.o[0m
[1.495s] [ 50%] [32mBuilding CXX object CMakeFiles/handbot_interfaces__rosidl_typesupport_fastrtps_c.dir/rosidl_typesupport_fastrtps_c/handbot_interfaces/srv/detail/get_planning_scene__type_support_c.cpp.o[0m
[1.500s] [ 52%] [32mBuilding C object CMakeFiles/handbot_interfaces__rosidl_typesupport_introspection_c.dir/rosidl_typesupport_introspection_c/handbot_interfaces/srv/detail/get_planning_scene__type_support.c.o[0m
[1.511s] [ 55%] [32mBuilding CXX object CMakeFiles/handbot_interfaces__rosidl_typesupport_fastrtps_cpp.dir/rosidl_typesupport_fastrtps_cpp/handbot_interfaces/srv/detail/dds_fastrtps/get_planning_scene__type_support.cpp.o[0m
[1.531s] [ 58%] [32m[1mLinking CXX shared library libhandbot_interfaces__rosidl_typesupport_c.so[0m
[1.591s] [ 61%] [32m[1mLinking C shared library libhandbot_interfaces__rosidl_typesupport_introspection_c.so[0m
[1.613s] [ 61%] Built target handbot_interfaces__rosidl_typesupport_c
[1.673s] [ 61%] Built target handbot_interfaces__rosidl_typesupport_introspection_c
[2.015s] [ 64%] [32m[1mLinking CXX shared library libhandbot_interfaces__rosidl_typesupport_fastrtps_c.so[0m
[2.126s] [ 64%] Built target handbot_interfaces__rosidl_typesupport_fastrtps_c
[2.140s] [ 67%] [32m[1mLinking CXX shared library libhandbot_interfaces__rosidl_typesupport_cpp.so[0m
[2.267s] [ 67%] Built target handbot_interfaces__rosidl_typesupport_cpp
[2.462s] [ 70%] [32m[1mLinking CXX shared library libhandbot_interfaces__rosidl_typesupport_fastrtps_cpp.so[0m
[2.475s] [ 73%] [32m[1mLinking CXX shared library libhandbot_interfaces__rosidl_typesupport_introspection_cpp.so[0m
[2.563s] [ 73%] Built target handbot_interfaces__rosidl_typesupport_fastrtps_cpp
[2.583s] [ 73%] Built target handbot_interfaces__rosidl_typesupport_introspection_cpp
[2.611s] [ 73%] Built target handbot_interfaces
[2.627s] [ 76%] [34m[1mGenerating Python code for ROS interfaces[0m
[3.043s] [ 76%] Built target handbot_interfaces__py
[3.061s] [ 79%] [32mBuilding C object CMakeFiles/handbot_interfaces__rosidl_generator_py.dir/rosidl_generator_py/handbot_interfaces/srv/_get_planning_scene_s.c.o[0m
[3.306s] [ 82%] [32m[1mLinking C shared library libhandbot_interfaces__rosidl_generator_py.so[0m
[3.388s] [ 82%] Built target handbot_interfaces__rosidl_generator_py
[3.405s] [ 85%] [32mBuilding C object CMakeFiles/handbot_interfaces_s__rosidl_typesupport_introspection_c.dir/rosidl_generator_py/handbot_interfaces/_handbot_interfaces_s.ep.rosidl_typesupport_introspection_c.c.o[0m
[3.406s] [ 88%] [32mBuilding C object CMakeFiles/handbot_interfaces_s__rosidl_typesupport_fastrtps_c.dir/rosidl_generator_py/handbot_interfaces/_handbot_interfaces_s.ep.rosidl_typesupport_fastrtps_c.c.o[0m
[3.407s] [ 91%] [32mBuilding C object CMakeFiles/handbot_interfaces_s__rosidl_typesupport_c.dir/rosidl_generator_py/handbot_interfaces/_handbot_interfaces_s.ep.rosidl_typesupport_c.c.o[0m
[3.497s] [ 97%] [32m[1mLinking C shared module rosidl_generator_py/handbot_interfaces/handbot_interfaces_s__rosidl_typesupport_c.so[0m
[3.497s] [ 97%] [32m[1mLinking C shared module rosidl_generator_py/handbot_interfaces/handbot_interfaces_s__rosidl_typesupport_introspection_c.so[0m
[3.509s] [100%] [32m[1mLinking C shared module rosidl_generator_py/handbot_interfaces/handbot_interfaces_s__rosidl_typesupport_fastrtps_c.so[0m
[3.545s] [100%] Built target handbot_interfaces_s__rosidl_typesupport_introspection_c
[3.545s] [100%] Built target handbot_interfaces_s__rosidl_typesupport_c
[3.554s] [100%] Built target handbot_interfaces_s__rosidl_typesupport_fastrtps_c
