-- The C compiler identification is GNU 13.3.0
-- The CXX compiler identification is GNU 13.3.0
-- Detecting C compiler ABI info
-- Detecting C compiler ABI info - done
-- Check for working C compiler: /usr/bin/cc - skipped
-- Detecting C compile features
-- Detecting C compile features - done
-- Detecting CXX compiler ABI info
-- Detecting CXX compiler ABI info - done
-- Check for working CXX compiler: /usr/bin/c++ - skipped
-- Detecting CXX compile features
-- Detecting CXX compile features - done
-- Found ament_cmake: 2.5.3 (/opt/ros/jazzy/share/ament_cmake/cmake)
-- Found Python3: /usr/bin/python3 (found version "3.12.3") found components: Interpreter 
-- Found urdf_tutorial: 1.1.0 (/opt/ros/jazzy/share/urdf_tutorial/cmake)
-- Found ament_lint_auto: 0.17.1 (/opt/ros/jazzy/share/ament_lint_auto/cmake)
-- Added test 'flake8' to check Python code syntax and style conventions
-- Configured 'flake8' exclude dirs and/or files: 
-- Added test 'lint_cmake' to check CMake code style
-- Added test 'pep257' to check Python code against some of the docstring style conventions in PEP 257
-- Added test 'xmllint' to check XML markup files
-- Configuring done (1.3s)
-- Generating done (0.0s)
-- Build files have been written to: /home/darsh/ros2_ws/src/handbot_ros2/build/handbot_description
-- Install configuration: ""
-- Installing: /home/darsh/ros2_ws/src/handbot_ros2/install/handbot_description/share/handbot_description/launch
-- Installing: /home/darsh/ros2_ws/src/handbot_ros2/install/handbot_description/share/handbot_description/launch/robot_state_publisher.launch.py
-- Installing: /home/darsh/ros2_ws/src/handbot_ros2/install/handbot_description/share/handbot_description/meshes
-- Installing: /home/darsh/ros2_ws/src/handbot_ros2/install/handbot_description/share/handbot_description/meshes/d435
-- Installing: /home/darsh/ros2_ws/src/handbot_ros2/install/handbot_description/share/handbot_description/meshes/d435/visual
-- Installing: /home/darsh/ros2_ws/src/handbot_ros2/install/handbot_description/share/handbot_description/meshes/d435/visual/d435.stl
-- Installing: /home/darsh/ros2_ws/src/handbot_ros2/install/handbot_description/share/handbot_description/meshes/g_shape_base_v2_0
-- Installing: /home/darsh/ros2_ws/src/handbot_ros2/install/handbot_description/share/handbot_description/meshes/g_shape_base_v2_0/visual
-- Installing: /home/darsh/ros2_ws/src/handbot_ros2/install/handbot_description/share/handbot_description/meshes/g_shape_base_v2_0/visual/base_link.dae
-- Installing: /home/darsh/ros2_ws/src/handbot_ros2/install/handbot_description/share/handbot_description/meshes/adaptive_gripper
-- Installing: /home/darsh/ros2_ws/src/handbot_ros2/install/handbot_description/share/handbot_description/meshes/adaptive_gripper/visual
-- Installing: /home/darsh/ros2_ws/src/handbot_ros2/install/handbot_description/share/handbot_description/meshes/adaptive_gripper/visual/gripper_right3.dae
-- Installing: /home/darsh/ros2_ws/src/handbot_ros2/install/handbot_description/share/handbot_description/meshes/adaptive_gripper/visual/gripper_left2.dae
-- Installing: /home/darsh/ros2_ws/src/handbot_ros2/install/handbot_description/share/handbot_description/meshes/adaptive_gripper/visual/gripper_right2.dae
-- Installing: /home/darsh/ros2_ws/src/handbot_ros2/install/handbot_description/share/handbot_description/meshes/adaptive_gripper/visual/gripper_base.dae
-- Installing: /home/darsh/ros2_ws/src/handbot_ros2/install/handbot_description/share/handbot_description/meshes/adaptive_gripper/visual/gripper_left1.dae
-- Installing: /home/darsh/ros2_ws/src/handbot_ros2/install/handbot_description/share/handbot_description/meshes/adaptive_gripper/visual/gripper_right1.dae
-- Installing: /home/darsh/ros2_ws/src/handbot_ros2/install/handbot_description/share/handbot_description/meshes/adaptive_gripper/visual/gripper_left3.dae
-- Installing: /home/darsh/ros2_ws/src/handbot_ros2/install/handbot_description/share/handbot_description/meshes/handbot_100
-- Installing: /home/darsh/ros2_ws/src/handbot_ros2/install/handbot_description/share/handbot_description/meshes/handbot_100/visual
-- Installing: /home/darsh/ros2_ws/src/handbot_ros2/install/handbot_description/share/handbot_description/meshes/handbot_100/visual/suit_env.dae
-- Installing: /home/darsh/ros2_ws/src/handbot_ros2/install/handbot_description/share/handbot_description/meshes/handbot_100/visual/link3.dae
-- Installing: /home/darsh/ros2_ws/src/handbot_ros2/install/handbot_description/share/handbot_description/meshes/handbot_100/visual/link3.png
-- Installing: /home/darsh/ros2_ws/src/handbot_ros2/install/handbot_description/share/handbot_description/meshes/handbot_100/visual/link6.png
-- Installing: /home/darsh/ros2_ws/src/handbot_ros2/install/handbot_description/share/handbot_description/meshes/handbot_100/visual/link4.png
-- Installing: /home/darsh/ros2_ws/src/handbot_ros2/install/handbot_description/share/handbot_description/meshes/handbot_100/visual/link5.dae
-- Installing: /home/darsh/ros2_ws/src/handbot_ros2/install/handbot_description/share/handbot_description/meshes/handbot_100/visual/link2.png
-- Installing: /home/darsh/ros2_ws/src/handbot_ros2/install/handbot_description/share/handbot_description/meshes/handbot_100/visual/link7.png
-- Installing: /home/darsh/ros2_ws/src/handbot_ros2/install/handbot_description/share/handbot_description/meshes/handbot_100/visual/link6.dae
-- Installing: /home/darsh/ros2_ws/src/handbot_ros2/install/handbot_description/share/handbot_description/meshes/handbot_100/visual/link7.dae
-- Installing: /home/darsh/ros2_ws/src/handbot_ros2/install/handbot_description/share/handbot_description/meshes/handbot_100/visual/link2.dae
-- Installing: /home/darsh/ros2_ws/src/handbot_ros2/install/handbot_description/share/handbot_description/meshes/handbot_100/visual/link1.dae
-- Installing: /home/darsh/ros2_ws/src/handbot_ros2/install/handbot_description/share/handbot_description/meshes/handbot_100/visual/link5.png
-- Installing: /home/darsh/ros2_ws/src/handbot_ros2/install/handbot_description/share/handbot_description/meshes/handbot_100/visual/link1.png
-- Installing: /home/darsh/ros2_ws/src/handbot_ros2/install/handbot_description/share/handbot_description/meshes/handbot_100/visual/link4.dae
-- Installing: /home/darsh/ros2_ws/src/handbot_ros2/install/handbot_description/share/handbot_description/urdf
-- Installing: /home/darsh/ros2_ws/src/handbot_ros2/install/handbot_description/share/handbot_description/urdf/handbot100_rviz.png
-- Installing: /home/darsh/ros2_ws/src/handbot_ros2/install/handbot_description/share/handbot_description/urdf/mech
-- Installing: /home/darsh/ros2_ws/src/handbot_ros2/install/handbot_description/share/handbot_description/urdf/mech/adaptive_gripper.urdf.xacro
-- Installing: /home/darsh/ros2_ws/src/handbot_ros2/install/handbot_description/share/handbot_description/urdf/mech/g_shape_base_v2_0.urdf.xacro
-- Installing: /home/darsh/ros2_ws/src/handbot_ros2/install/handbot_description/share/handbot_description/urdf/mech/handbot_100_arm.urdf.xacro
-- Installing: /home/darsh/ros2_ws/src/handbot_ros2/install/handbot_description/share/handbot_description/urdf/robots
-- Installing: /home/darsh/ros2_ws/src/handbot_ros2/install/handbot_description/share/handbot_description/urdf/robots/handbot_100.urdf.xacro
-- Installing: /home/darsh/ros2_ws/src/handbot_ros2/install/handbot_description/share/handbot_description/urdf/control
-- Installing: /home/darsh/ros2_ws/src/handbot_ros2/install/handbot_description/share/handbot_description/urdf/control/gazebo_sim_ros2_control.urdf.xacro
-- Installing: /home/darsh/ros2_ws/src/handbot_ros2/install/handbot_description/share/handbot_description/urdf/control/handbot_100_ros2_control.urdf.xacro
-- Installing: /home/darsh/ros2_ws/src/handbot_ros2/install/handbot_description/share/handbot_description/urdf/sensors
-- Installing: /home/darsh/ros2_ws/src/handbot_ros2/install/handbot_description/share/handbot_description/urdf/sensors/intel_rgbd_cam_d435.urdf.xacro
-- Installing: /home/darsh/ros2_ws/src/handbot_ros2/install/handbot_description/share/handbot_description/rviz
-- Installing: /home/darsh/ros2_ws/src/handbot_ros2/install/handbot_description/share/handbot_description/rviz/handbot_100_description.rviz
-- Installing: /home/darsh/ros2_ws/src/handbot_ros2/install/handbot_description/share/ament_index/resource_index/package_run_dependencies/handbot_description
-- Installing: /home/darsh/ros2_ws/src/handbot_ros2/install/handbot_description/share/ament_index/resource_index/parent_prefix_path/handbot_description
-- Installing: /home/darsh/ros2_ws/src/handbot_ros2/install/handbot_description/share/handbot_description/environment/ament_prefix_path.sh
-- Installing: /home/darsh/ros2_ws/src/handbot_ros2/install/handbot_description/share/handbot_description/environment/ament_prefix_path.dsv
-- Installing: /home/darsh/ros2_ws/src/handbot_ros2/install/handbot_description/share/handbot_description/environment/path.sh
-- Installing: /home/darsh/ros2_ws/src/handbot_ros2/install/handbot_description/share/handbot_description/environment/path.dsv
-- Installing: /home/darsh/ros2_ws/src/handbot_ros2/install/handbot_description/share/handbot_description/local_setup.bash
-- Installing: /home/darsh/ros2_ws/src/handbot_ros2/install/handbot_description/share/handbot_description/local_setup.sh
-- Installing: /home/darsh/ros2_ws/src/handbot_ros2/install/handbot_description/share/handbot_description/local_setup.zsh
-- Installing: /home/darsh/ros2_ws/src/handbot_ros2/install/handbot_description/share/handbot_description/local_setup.dsv
-- Installing: /home/darsh/ros2_ws/src/handbot_ros2/install/handbot_description/share/handbot_description/package.dsv
-- Installing: /home/darsh/ros2_ws/src/handbot_ros2/install/handbot_description/share/ament_index/resource_index/packages/handbot_description
-- Installing: /home/darsh/ros2_ws/src/handbot_ros2/install/handbot_description/share/handbot_description/cmake/handbot_descriptionConfig.cmake
-- Installing: /home/darsh/ros2_ws/src/handbot_ros2/install/handbot_description/share/handbot_description/cmake/handbot_descriptionConfig-version.cmake
-- Installing: /home/darsh/ros2_ws/src/handbot_ros2/install/handbot_description/share/handbot_description/package.xml
