[0.037s] Invoking command in '/home/darsh/ros2_ws/src/handbot_ros2/build/handbot_description': CMAKE_PREFIX_PATH=${CMAKE_PREFIX_PATH}:/opt/ros/jazzy DEBUGINFOD_URLS=https://debuginfod.ubuntu.com /usr/bin/cmake /home/darsh/ros2_ws/src/handbot_ros2/handbot_description -DCMAKE_INSTALL_PREFIX=/home/darsh/ros2_ws/src/handbot_ros2/install/handbot_description
[0.246s] -- The C compiler identification is GNU 13.3.0
[0.457s] -- The CXX compiler identification is GNU 13.3.0
[0.493s] -- Detecting C compiler ABI info
[0.658s] -- Detecting C compiler ABI info - done
[0.666s] -- Check for working C compiler: /usr/bin/cc - skipped
[0.666s] -- Detecting C compile features
[0.666s] -- Detecting C compile features - done
[0.687s] -- Detecting CXX compiler ABI info
[0.806s] -- Detecting CXX compiler ABI info - done
[0.817s] -- Check for working CXX compiler: /usr/bin/c++ - skipped
[0.818s] -- Detecting CXX compile features
[0.818s] -- Detecting CXX compile features - done
[0.838s] -- Found ament_cmake: 2.5.3 (/opt/ros/jazzy/share/ament_cmake/cmake)
[1.005s] -- Found Python3: /usr/bin/python3 (found version "3.12.3") found components: Interpreter 
[1.191s] -- Found urdf_tutorial: 1.1.0 (/opt/ros/jazzy/share/urdf_tutorial/cmake)
[1.194s] -- Found ament_lint_auto: 0.17.1 (/opt/ros/jazzy/share/ament_lint_auto/cmake)
[1.338s] -- Added test 'flake8' to check Python code syntax and style conventions
[1.338s] -- Configured 'flake8' exclude dirs and/or files: 
[1.339s] -- Added test 'lint_cmake' to check CMake code style
[1.340s] -- Added test 'pep257' to check Python code against some of the docstring style conventions in PEP 257
[1.346s] -- Added test 'xmllint' to check XML markup files
[1.346s] -- Configuring done (1.3s)
[1.364s] -- Generating done (0.0s)
[1.365s] -- Build files have been written to: /home/darsh/ros2_ws/src/handbot_ros2/build/handbot_description
[1.377s] Invoked command in '/home/darsh/ros2_ws/src/handbot_ros2/build/handbot_description' returned '0': CMAKE_PREFIX_PATH=${CMAKE_PREFIX_PATH}:/opt/ros/jazzy DEBUGINFOD_URLS=https://debuginfod.ubuntu.com /usr/bin/cmake /home/darsh/ros2_ws/src/handbot_ros2/handbot_description -DCMAKE_INSTALL_PREFIX=/home/darsh/ros2_ws/src/handbot_ros2/install/handbot_description
[1.377s] Invoking command in '/home/darsh/ros2_ws/src/handbot_ros2/build/handbot_description': CMAKE_PREFIX_PATH=${CMAKE_PREFIX_PATH}:/opt/ros/jazzy DEBUGINFOD_URLS=https://debuginfod.ubuntu.com /usr/bin/cmake --build /home/darsh/ros2_ws/src/handbot_ros2/build/handbot_description -- -j12 -l12
[1.430s] Invoked command in '/home/darsh/ros2_ws/src/handbot_ros2/build/handbot_description' returned '0': CMAKE_PREFIX_PATH=${CMAKE_PREFIX_PATH}:/opt/ros/jazzy DEBUGINFOD_URLS=https://debuginfod.ubuntu.com /usr/bin/cmake --build /home/darsh/ros2_ws/src/handbot_ros2/build/handbot_description -- -j12 -l12
[1.430s] Invoking command in '/home/darsh/ros2_ws/src/handbot_ros2/build/handbot_description': CMAKE_PREFIX_PATH=${CMAKE_PREFIX_PATH}:/opt/ros/jazzy DEBUGINFOD_URLS=https://debuginfod.ubuntu.com /usr/bin/cmake --install /home/darsh/ros2_ws/src/handbot_ros2/build/handbot_description
[1.450s] -- Install configuration: ""
[1.451s] -- Installing: /home/darsh/ros2_ws/src/handbot_ros2/install/handbot_description/share/handbot_description/launch
[1.451s] -- Installing: /home/darsh/ros2_ws/src/handbot_ros2/install/handbot_description/share/handbot_description/launch/robot_state_publisher.launch.py
[1.451s] -- Installing: /home/darsh/ros2_ws/src/handbot_ros2/install/handbot_description/share/handbot_description/meshes
[1.451s] -- Installing: /home/darsh/ros2_ws/src/handbot_ros2/install/handbot_description/share/handbot_description/meshes/d435
[1.451s] -- Installing: /home/darsh/ros2_ws/src/handbot_ros2/install/handbot_description/share/handbot_description/meshes/d435/visual
[1.451s] -- Installing: /home/darsh/ros2_ws/src/handbot_ros2/install/handbot_description/share/handbot_description/meshes/d435/visual/d435.stl
[1.455s] -- Installing: /home/darsh/ros2_ws/src/handbot_ros2/install/handbot_description/share/handbot_description/meshes/g_shape_base_v2_0
[1.455s] -- Installing: /home/darsh/ros2_ws/src/handbot_ros2/install/handbot_description/share/handbot_description/meshes/g_shape_base_v2_0/visual
[1.455s] -- Installing: /home/darsh/ros2_ws/src/handbot_ros2/install/handbot_description/share/handbot_description/meshes/g_shape_base_v2_0/visual/base_link.dae
[1.463s] -- Installing: /home/darsh/ros2_ws/src/handbot_ros2/install/handbot_description/share/handbot_description/meshes/adaptive_gripper
[1.463s] -- Installing: /home/darsh/ros2_ws/src/handbot_ros2/install/handbot_description/share/handbot_description/meshes/adaptive_gripper/visual
[1.463s] -- Installing: /home/darsh/ros2_ws/src/handbot_ros2/install/handbot_description/share/handbot_description/meshes/adaptive_gripper/visual/gripper_right3.dae
[1.464s] -- Installing: /home/darsh/ros2_ws/src/handbot_ros2/install/handbot_description/share/handbot_description/meshes/adaptive_gripper/visual/gripper_left2.dae
[1.466s] -- Installing: /home/darsh/ros2_ws/src/handbot_ros2/install/handbot_description/share/handbot_description/meshes/adaptive_gripper/visual/gripper_right2.dae
[1.466s] -- Installing: /home/darsh/ros2_ws/src/handbot_ros2/install/handbot_description/share/handbot_description/meshes/adaptive_gripper/visual/gripper_base.dae
[1.469s] -- Installing: /home/darsh/ros2_ws/src/handbot_ros2/install/handbot_description/share/handbot_description/meshes/adaptive_gripper/visual/gripper_left1.dae
[1.469s] -- Installing: /home/darsh/ros2_ws/src/handbot_ros2/install/handbot_description/share/handbot_description/meshes/adaptive_gripper/visual/gripper_right1.dae
[1.470s] -- Installing: /home/darsh/ros2_ws/src/handbot_ros2/install/handbot_description/share/handbot_description/meshes/adaptive_gripper/visual/gripper_left3.dae
[1.481s] -- Installing: /home/darsh/ros2_ws/src/handbot_ros2/install/handbot_description/share/handbot_description/meshes/handbot_100
[1.482s] -- Installing: /home/darsh/ros2_ws/src/handbot_ros2/install/handbot_description/share/handbot_description/meshes/handbot_100/visual
[1.482s] -- Installing: /home/darsh/ros2_ws/src/handbot_ros2/install/handbot_description/share/handbot_description/meshes/handbot_100/visual/suit_env.dae
[1.482s] -- Installing: /home/darsh/ros2_ws/src/handbot_ros2/install/handbot_description/share/handbot_description/meshes/handbot_100/visual/link3.dae
[1.491s] -- Installing: /home/darsh/ros2_ws/src/handbot_ros2/install/handbot_description/share/handbot_description/meshes/handbot_100/visual/link3.png
[1.494s] -- Installing: /home/darsh/ros2_ws/src/handbot_ros2/install/handbot_description/share/handbot_description/meshes/handbot_100/visual/link6.png
[1.494s] -- Installing: /home/darsh/ros2_ws/src/handbot_ros2/install/handbot_description/share/handbot_description/meshes/handbot_100/visual/link4.png
[1.494s] -- Installing: /home/darsh/ros2_ws/src/handbot_ros2/install/handbot_description/share/handbot_description/meshes/handbot_100/visual/link5.dae
[1.494s] -- Installing: /home/darsh/ros2_ws/src/handbot_ros2/install/handbot_description/share/handbot_description/meshes/handbot_100/visual/link2.png
[1.494s] -- Installing: /home/darsh/ros2_ws/src/handbot_ros2/install/handbot_description/share/handbot_description/meshes/handbot_100/visual/link7.png
[1.494s] -- Installing: /home/darsh/ros2_ws/src/handbot_ros2/install/handbot_description/share/handbot_description/meshes/handbot_100/visual/link6.dae
[1.494s] -- Installing: /home/darsh/ros2_ws/src/handbot_ros2/install/handbot_description/share/handbot_description/meshes/handbot_100/visual/link7.dae
[1.494s] -- Installing: /home/darsh/ros2_ws/src/handbot_ros2/install/handbot_description/share/handbot_description/meshes/handbot_100/visual/link2.dae
[1.496s] -- Installing: /home/darsh/ros2_ws/src/handbot_ros2/install/handbot_description/share/handbot_description/meshes/handbot_100/visual/link1.dae
[1.503s] -- Installing: /home/darsh/ros2_ws/src/handbot_ros2/install/handbot_description/share/handbot_description/meshes/handbot_100/visual/link5.png
[1.503s] -- Installing: /home/darsh/ros2_ws/src/handbot_ros2/install/handbot_description/share/handbot_description/meshes/handbot_100/visual/link1.png
[1.503s] -- Installing: /home/darsh/ros2_ws/src/handbot_ros2/install/handbot_description/share/handbot_description/meshes/handbot_100/visual/link4.dae
[1.506s] -- Installing: /home/darsh/ros2_ws/src/handbot_ros2/install/handbot_description/share/handbot_description/urdf
[1.506s] -- Installing: /home/darsh/ros2_ws/src/handbot_ros2/install/handbot_description/share/handbot_description/urdf/handbot100_rviz.png
[1.506s] -- Installing: /home/darsh/ros2_ws/src/handbot_ros2/install/handbot_description/share/handbot_description/urdf/mech
[1.506s] -- Installing: /home/darsh/ros2_ws/src/handbot_ros2/install/handbot_description/share/handbot_description/urdf/mech/adaptive_gripper.urdf.xacro
[1.506s] -- Installing: /home/darsh/ros2_ws/src/handbot_ros2/install/handbot_description/share/handbot_description/urdf/mech/g_shape_base_v2_0.urdf.xacro
[1.506s] -- Installing: /home/darsh/ros2_ws/src/handbot_ros2/install/handbot_description/share/handbot_description/urdf/mech/handbot_100_arm.urdf.xacro
[1.506s] -- Installing: /home/darsh/ros2_ws/src/handbot_ros2/install/handbot_description/share/handbot_description/urdf/robots
[1.506s] -- Installing: /home/darsh/ros2_ws/src/handbot_ros2/install/handbot_description/share/handbot_description/urdf/robots/handbot_100.urdf.xacro
[1.506s] -- Installing: /home/darsh/ros2_ws/src/handbot_ros2/install/handbot_description/share/handbot_description/urdf/control
[1.506s] -- Installing: /home/darsh/ros2_ws/src/handbot_ros2/install/handbot_description/share/handbot_description/urdf/control/gazebo_sim_ros2_control.urdf.xacro
[1.506s] -- Installing: /home/darsh/ros2_ws/src/handbot_ros2/install/handbot_description/share/handbot_description/urdf/control/handbot_100_ros2_control.urdf.xacro
[1.506s] -- Installing: /home/darsh/ros2_ws/src/handbot_ros2/install/handbot_description/share/handbot_description/urdf/sensors
[1.510s] -- Installing: /home/darsh/ros2_ws/src/handbot_ros2/install/handbot_description/share/handbot_description/urdf/sensors/intel_rgbd_cam_d435.urdf.xacro
[1.510s] -- Installing: /home/darsh/ros2_ws/src/handbot_ros2/install/handbot_description/share/handbot_description/rviz
[1.510s] -- Installing: /home/darsh/ros2_ws/src/handbot_ros2/install/handbot_description/share/handbot_description/rviz/handbot_100_description.rviz
[1.510s] -- Installing: /home/darsh/ros2_ws/src/handbot_ros2/install/handbot_description/share/ament_index/resource_index/package_run_dependencies/handbot_description
[1.510s] -- Installing: /home/darsh/ros2_ws/src/handbot_ros2/install/handbot_description/share/ament_index/resource_index/parent_prefix_path/handbot_description
[1.510s] -- Installing: /home/darsh/ros2_ws/src/handbot_ros2/install/handbot_description/share/handbot_description/environment/ament_prefix_path.sh
[1.510s] -- Installing: /home/darsh/ros2_ws/src/handbot_ros2/install/handbot_description/share/handbot_description/environment/ament_prefix_path.dsv
[1.510s] -- Installing: /home/darsh/ros2_ws/src/handbot_ros2/install/handbot_description/share/handbot_description/environment/path.sh
[1.510s] -- Installing: /home/darsh/ros2_ws/src/handbot_ros2/install/handbot_description/share/handbot_description/environment/path.dsv
[1.510s] -- Installing: /home/darsh/ros2_ws/src/handbot_ros2/install/handbot_description/share/handbot_description/local_setup.bash
[1.510s] -- Installing: /home/darsh/ros2_ws/src/handbot_ros2/install/handbot_description/share/handbot_description/local_setup.sh
[1.510s] -- Installing: /home/darsh/ros2_ws/src/handbot_ros2/install/handbot_description/share/handbot_description/local_setup.zsh
[1.510s] -- Installing: /home/darsh/ros2_ws/src/handbot_ros2/install/handbot_description/share/handbot_description/local_setup.dsv
[1.510s] -- Installing: /home/darsh/ros2_ws/src/handbot_ros2/install/handbot_description/share/handbot_description/package.dsv
[1.510s] -- Installing: /home/darsh/ros2_ws/src/handbot_ros2/install/handbot_description/share/ament_index/resource_index/packages/handbot_description
[1.510s] -- Installing: /home/darsh/ros2_ws/src/handbot_ros2/install/handbot_description/share/handbot_description/cmake/handbot_descriptionConfig.cmake
[1.510s] -- Installing: /home/darsh/ros2_ws/src/handbot_ros2/install/handbot_description/share/handbot_description/cmake/handbot_descriptionConfig-version.cmake
[1.510s] -- Installing: /home/darsh/ros2_ws/src/handbot_ros2/install/handbot_description/share/handbot_description/package.xml
[1.513s] Invoked command in '/home/darsh/ros2_ws/src/handbot_ros2/build/handbot_description' returned '0': CMAKE_PREFIX_PATH=${CMAKE_PREFIX_PATH}:/opt/ros/jazzy DEBUGINFOD_URLS=https://debuginfod.ubuntu.com /usr/bin/cmake --install /home/darsh/ros2_ws/src/handbot_ros2/build/handbot_description
