[0.055s] Invoking command in '/home/darsh/ros2_ws/src/handbot_ros2/build/handbot_moveit_demos': CMAKE_PREFIX_PATH=${CMAKE_PREFIX_PATH}:/opt/ros/jazzy DEBUGINFOD_URLS=https://debuginfod.ubuntu.com /usr/bin/cmake --build /home/darsh/ros2_ws/src/handbot_ros2/build/handbot_moveit_demos -- -j12 -l12
[0.121s] [ 50%] Built target hello_moveit
[0.149s] [100%] Built target plan_around_objects
[0.351s] Invoked command in '/home/darsh/ros2_ws/src/handbot_ros2/build/handbot_moveit_demos' returned '0': CMAKE_PREFIX_PATH=${CMAKE_PREFIX_PATH}:/opt/ros/jazzy DEBUGINFOD_URLS=https://debuginfod.ubuntu.com /usr/bin/cmake --build /home/darsh/ros2_ws/src/handbot_ros2/build/handbot_moveit_demos -- -j12 -l12
[0.353s] Invoking command in '/home/darsh/ros2_ws/src/handbot_ros2/build/handbot_moveit_demos': CMAKE_PREFIX_PATH=${CMAKE_PREFIX_PATH}:/opt/ros/jazzy DEBUGINFOD_URLS=https://debuginfod.ubuntu.com /usr/bin/cmake --install /home/darsh/ros2_ws/src/handbot_ros2/build/handbot_moveit_demos
[0.378s] -- Install configuration: ""
[0.378s] -- Installing: /home/darsh/ros2_ws/src/handbot_ros2/install/handbot_moveit_demos/lib/handbot_moveit_demos/hello_moveit
[0.378s] -- Set non-toolchain portion of runtime path of "/home/darsh/ros2_ws/src/handbot_ros2/install/handbot_moveit_demos/lib/handbot_moveit_demos/hello_moveit" to ""
[0.378s] -- Installing: /home/darsh/ros2_ws/src/handbot_ros2/install/handbot_moveit_demos/lib/handbot_moveit_demos/plan_around_objects
[0.379s] -- Set non-toolchain portion of runtime path of "/home/darsh/ros2_ws/src/handbot_ros2/install/handbot_moveit_demos/lib/handbot_moveit_demos/plan_around_objects" to ""
[0.379s] -- Installing: /home/darsh/ros2_ws/src/handbot_ros2/install/handbot_moveit_demos/share/ament_index/resource_index/package_run_dependencies/handbot_moveit_demos
[0.379s] -- Installing: /home/darsh/ros2_ws/src/handbot_ros2/install/handbot_moveit_demos/share/ament_index/resource_index/parent_prefix_path/handbot_moveit_demos
[0.379s] -- Installing: /home/darsh/ros2_ws/src/handbot_ros2/install/handbot_moveit_demos/share/handbot_moveit_demos/environment/ament_prefix_path.sh
[0.379s] -- Installing: /home/darsh/ros2_ws/src/handbot_ros2/install/handbot_moveit_demos/share/handbot_moveit_demos/environment/ament_prefix_path.dsv
[0.379s] -- Installing: /home/darsh/ros2_ws/src/handbot_ros2/install/handbot_moveit_demos/share/handbot_moveit_demos/environment/path.sh
[0.379s] -- Installing: /home/darsh/ros2_ws/src/handbot_ros2/install/handbot_moveit_demos/share/handbot_moveit_demos/environment/path.dsv
[0.379s] -- Installing: /home/darsh/ros2_ws/src/handbot_ros2/install/handbot_moveit_demos/share/handbot_moveit_demos/local_setup.bash
[0.379s] -- Installing: /home/darsh/ros2_ws/src/handbot_ros2/install/handbot_moveit_demos/share/handbot_moveit_demos/local_setup.sh
[0.379s] -- Installing: /home/darsh/ros2_ws/src/handbot_ros2/install/handbot_moveit_demos/share/handbot_moveit_demos/local_setup.zsh
[0.379s] -- Installing: /home/darsh/ros2_ws/src/handbot_ros2/install/handbot_moveit_demos/share/handbot_moveit_demos/local_setup.dsv
[0.379s] -- Installing: /home/darsh/ros2_ws/src/handbot_ros2/install/handbot_moveit_demos/share/handbot_moveit_demos/package.dsv
[0.379s] -- Installing: /home/darsh/ros2_ws/src/handbot_ros2/install/handbot_moveit_demos/share/ament_index/resource_index/packages/handbot_moveit_demos
[0.380s] -- Installing: /home/darsh/ros2_ws/src/handbot_ros2/install/handbot_moveit_demos/share/handbot_moveit_demos/cmake/handbot_moveit_demosConfig.cmake
[0.380s] -- Installing: /home/darsh/ros2_ws/src/handbot_ros2/install/handbot_moveit_demos/share/handbot_moveit_demos/cmake/handbot_moveit_demosConfig-version.cmake
[0.380s] -- Installing: /home/darsh/ros2_ws/src/handbot_ros2/install/handbot_moveit_demos/share/handbot_moveit_demos/package.xml
[0.385s] Invoked command in '/home/darsh/ros2_ws/src/handbot_ros2/build/handbot_moveit_demos' returned '0': CMAKE_PREFIX_PATH=${CMAKE_PREFIX_PATH}:/opt/ros/jazzy DEBUGINFOD_URLS=https://debuginfod.ubuntu.com /usr/bin/cmake --install /home/darsh/ros2_ws/src/handbot_ros2/build/handbot_moveit_demos
