[  2%] Built target handbot_interfaces__rosidl_generator_type_description
[  2%] Built target ament_cmake_python_copy_handbot_interfaces
[  5%] Built target handbot_interfaces__cpp
[ 20%] Built target handbot_interfaces__rosidl_generator_c
[ 29%] Built target handbot_interfaces__rosidl_typesupport_fastrtps_cpp
[ 38%] Built target handbot_interfaces__rosidl_typesupport_fastrtps_c
[ 47%] Built target handbot_interfaces__rosidl_typesupport_introspection_c
[ 55%] Built target handbot_interfaces__rosidl_typesupport_c
[ 64%] Built target handbot_interfaces__rosidl_typesupport_cpp
[ 73%] Built target handbot_interfaces__rosidl_typesupport_introspection_cpp
[ 73%] Built target handbot_interfaces
[ 76%] Built target handbot_interfaces__py
[ 82%] Built target handbot_interfaces__rosidl_generator_py
[ 88%] Built target handbot_interfaces_s__rosidl_typesupport_fastrtps_c
[ 94%] Built target handbot_interfaces_s__rosidl_typesupport_introspection_c
[100%] Built target handbot_interfaces_s__rosidl_typesupport_c
running egg_info
writing handbot_interfaces.egg-info/PKG-INFO
writing dependency_links to handbot_interfaces.egg-info/dependency_links.txt
writing top-level names to handbot_interfaces.egg-info/top_level.txt
reading manifest file 'handbot_interfaces.egg-info/SOURCES.txt'
writing manifest file 'handbot_interfaces.egg-info/SOURCES.txt'
[100%] Built target ament_cmake_python_build_handbot_interfaces_egg
-- Install configuration: ""
-- Installing: /home/darsh/ros2_ws/src/handbot_ros2/install/handbot_interfaces/share/ament_index/resource_index/rosidl_interfaces/handbot_interfaces
-- Installing: /home/darsh/ros2_ws/src/handbot_ros2/install/handbot_interfaces/share/handbot_interfaces/srv/GetPlanningScene.json
-- Installing: /home/darsh/ros2_ws/src/handbot_ros2/install/handbot_interfaces/include/handbot_interfaces/handbot_interfaces
-- Installing: /home/darsh/ros2_ws/src/handbot_ros2/install/handbot_interfaces/include/handbot_interfaces/handbot_interfaces/srv
-- Installing: /home/darsh/ros2_ws/src/handbot_ros2/install/handbot_interfaces/include/handbot_interfaces/handbot_interfaces/srv/detail
-- Installing: /home/darsh/ros2_ws/src/handbot_ros2/install/handbot_interfaces/include/handbot_interfaces/handbot_interfaces/srv/detail/get_planning_scene__type_support.c
-- Installing: /home/darsh/ros2_ws/src/handbot_ros2/install/handbot_interfaces/include/handbot_interfaces/handbot_interfaces/srv/detail/get_planning_scene__functions.c
-- Installing: /home/darsh/ros2_ws/src/handbot_ros2/install/handbot_interfaces/include/handbot_interfaces/handbot_interfaces/srv/detail/get_planning_scene__struct.h
-- Installing: /home/darsh/ros2_ws/src/handbot_ros2/install/handbot_interfaces/include/handbot_interfaces/handbot_interfaces/srv/detail/get_planning_scene__description.c
-- Installing: /home/darsh/ros2_ws/src/handbot_ros2/install/handbot_interfaces/include/handbot_interfaces/handbot_interfaces/srv/detail/get_planning_scene__type_support.h
-- Installing: /home/darsh/ros2_ws/src/handbot_ros2/install/handbot_interfaces/include/handbot_interfaces/handbot_interfaces/srv/detail/get_planning_scene__functions.h
-- Installing: /home/darsh/ros2_ws/src/handbot_ros2/install/handbot_interfaces/include/handbot_interfaces/handbot_interfaces/srv/get_planning_scene.h
-- Installing: /home/darsh/ros2_ws/src/handbot_ros2/install/handbot_interfaces/include/handbot_interfaces/handbot_interfaces/msg
-- Installing: /home/darsh/ros2_ws/src/handbot_ros2/install/handbot_interfaces/include/handbot_interfaces/handbot_interfaces/msg/rosidl_generator_c__visibility_control.h
-- Installing: /home/darsh/ros2_ws/src/handbot_ros2/install/handbot_interfaces/share/handbot_interfaces/environment/library_path.sh
-- Installing: /home/darsh/ros2_ws/src/handbot_ros2/install/handbot_interfaces/share/handbot_interfaces/environment/library_path.dsv
-- Installing: /home/darsh/ros2_ws/src/handbot_ros2/install/handbot_interfaces/lib/libhandbot_interfaces__rosidl_generator_c.so
-- Set non-toolchain portion of runtime path of "/home/darsh/ros2_ws/src/handbot_ros2/install/handbot_interfaces/lib/libhandbot_interfaces__rosidl_generator_c.so" to ""
-- Up-to-date: /home/darsh/ros2_ws/src/handbot_ros2/install/handbot_interfaces/include/handbot_interfaces/handbot_interfaces
-- Up-to-date: /home/darsh/ros2_ws/src/handbot_ros2/install/handbot_interfaces/include/handbot_interfaces/handbot_interfaces/srv
-- Up-to-date: /home/darsh/ros2_ws/src/handbot_ros2/install/handbot_interfaces/include/handbot_interfaces/handbot_interfaces/srv/detail
-- Installing: /home/darsh/ros2_ws/src/handbot_ros2/install/handbot_interfaces/include/handbot_interfaces/handbot_interfaces/srv/detail/get_planning_scene__rosidl_typesupport_fastrtps_c.h
-- Up-to-date: /home/darsh/ros2_ws/src/handbot_ros2/install/handbot_interfaces/include/handbot_interfaces/handbot_interfaces/msg
-- Installing: /home/darsh/ros2_ws/src/handbot_ros2/install/handbot_interfaces/include/handbot_interfaces/handbot_interfaces/msg/rosidl_typesupport_fastrtps_c__visibility_control.h
-- Installing: /home/darsh/ros2_ws/src/handbot_ros2/install/handbot_interfaces/lib/libhandbot_interfaces__rosidl_typesupport_fastrtps_c.so
-- Set non-toolchain portion of runtime path of "/home/darsh/ros2_ws/src/handbot_ros2/install/handbot_interfaces/lib/libhandbot_interfaces__rosidl_typesupport_fastrtps_c.so" to ""
-- Up-to-date: /home/darsh/ros2_ws/src/handbot_ros2/install/handbot_interfaces/include/handbot_interfaces/handbot_interfaces
-- Up-to-date: /home/darsh/ros2_ws/src/handbot_ros2/install/handbot_interfaces/include/handbot_interfaces/handbot_interfaces/srv
-- Up-to-date: /home/darsh/ros2_ws/src/handbot_ros2/install/handbot_interfaces/include/handbot_interfaces/handbot_interfaces/srv/detail
-- Installing: /home/darsh/ros2_ws/src/handbot_ros2/install/handbot_interfaces/include/handbot_interfaces/handbot_interfaces/srv/detail/get_planning_scene__struct.hpp
-- Installing: /home/darsh/ros2_ws/src/handbot_ros2/install/handbot_interfaces/include/handbot_interfaces/handbot_interfaces/srv/detail/get_planning_scene__builder.hpp
-- Installing: /home/darsh/ros2_ws/src/handbot_ros2/install/handbot_interfaces/include/handbot_interfaces/handbot_interfaces/srv/detail/get_planning_scene__type_support.hpp
-- Installing: /home/darsh/ros2_ws/src/handbot_ros2/install/handbot_interfaces/include/handbot_interfaces/handbot_interfaces/srv/detail/get_planning_scene__traits.hpp
-- Installing: /home/darsh/ros2_ws/src/handbot_ros2/install/handbot_interfaces/include/handbot_interfaces/handbot_interfaces/srv/get_planning_scene.hpp
-- Up-to-date: /home/darsh/ros2_ws/src/handbot_ros2/install/handbot_interfaces/include/handbot_interfaces/handbot_interfaces/msg
-- Installing: /home/darsh/ros2_ws/src/handbot_ros2/install/handbot_interfaces/include/handbot_interfaces/handbot_interfaces/msg/rosidl_generator_cpp__visibility_control.hpp
-- Up-to-date: /home/darsh/ros2_ws/src/handbot_ros2/install/handbot_interfaces/include/handbot_interfaces/handbot_interfaces
-- Up-to-date: /home/darsh/ros2_ws/src/handbot_ros2/install/handbot_interfaces/include/handbot_interfaces/handbot_interfaces/srv
-- Up-to-date: /home/darsh/ros2_ws/src/handbot_ros2/install/handbot_interfaces/include/handbot_interfaces/handbot_interfaces/srv/detail
-- Installing: /home/darsh/ros2_ws/src/handbot_ros2/install/handbot_interfaces/include/handbot_interfaces/handbot_interfaces/srv/detail/dds_fastrtps
-- Installing: /home/darsh/ros2_ws/src/handbot_ros2/install/handbot_interfaces/include/handbot_interfaces/handbot_interfaces/srv/detail/get_planning_scene__rosidl_typesupport_fastrtps_cpp.hpp
-- Up-to-date: /home/darsh/ros2_ws/src/handbot_ros2/install/handbot_interfaces/include/handbot_interfaces/handbot_interfaces/msg
-- Installing: /home/darsh/ros2_ws/src/handbot_ros2/install/handbot_interfaces/include/handbot_interfaces/handbot_interfaces/msg/rosidl_typesupport_fastrtps_cpp__visibility_control.h
-- Installing: /home/darsh/ros2_ws/src/handbot_ros2/install/handbot_interfaces/lib/libhandbot_interfaces__rosidl_typesupport_fastrtps_cpp.so
-- Set non-toolchain portion of runtime path of "/home/darsh/ros2_ws/src/handbot_ros2/install/handbot_interfaces/lib/libhandbot_interfaces__rosidl_typesupport_fastrtps_cpp.so" to ""
-- Up-to-date: /home/darsh/ros2_ws/src/handbot_ros2/install/handbot_interfaces/include/handbot_interfaces/handbot_interfaces
-- Up-to-date: /home/darsh/ros2_ws/src/handbot_ros2/install/handbot_interfaces/include/handbot_interfaces/handbot_interfaces/srv
-- Up-to-date: /home/darsh/ros2_ws/src/handbot_ros2/install/handbot_interfaces/include/handbot_interfaces/handbot_interfaces/srv/detail
-- Installing: /home/darsh/ros2_ws/src/handbot_ros2/install/handbot_interfaces/include/handbot_interfaces/handbot_interfaces/srv/detail/get_planning_scene__type_support.c
-- Installing: /home/darsh/ros2_ws/src/handbot_ros2/install/handbot_interfaces/include/handbot_interfaces/handbot_interfaces/srv/detail/get_planning_scene__rosidl_typesupport_introspection_c.h
-- Up-to-date: /home/darsh/ros2_ws/src/handbot_ros2/install/handbot_interfaces/include/handbot_interfaces/handbot_interfaces/msg
-- Installing: /home/darsh/ros2_ws/src/handbot_ros2/install/handbot_interfaces/include/handbot_interfaces/handbot_interfaces/msg/rosidl_typesupport_introspection_c__visibility_control.h
-- Installing: /home/darsh/ros2_ws/src/handbot_ros2/install/handbot_interfaces/lib/libhandbot_interfaces__rosidl_typesupport_introspection_c.so
-- Set non-toolchain portion of runtime path of "/home/darsh/ros2_ws/src/handbot_ros2/install/handbot_interfaces/lib/libhandbot_interfaces__rosidl_typesupport_introspection_c.so" to ""
-- Installing: /home/darsh/ros2_ws/src/handbot_ros2/install/handbot_interfaces/lib/libhandbot_interfaces__rosidl_typesupport_c.so
-- Set non-toolchain portion of runtime path of "/home/darsh/ros2_ws/src/handbot_ros2/install/handbot_interfaces/lib/libhandbot_interfaces__rosidl_typesupport_c.so" to ""
-- Up-to-date: /home/darsh/ros2_ws/src/handbot_ros2/install/handbot_interfaces/include/handbot_interfaces/handbot_interfaces
-- Up-to-date: /home/darsh/ros2_ws/src/handbot_ros2/install/handbot_interfaces/include/handbot_interfaces/handbot_interfaces/srv
-- Up-to-date: /home/darsh/ros2_ws/src/handbot_ros2/install/handbot_interfaces/include/handbot_interfaces/handbot_interfaces/srv/detail
-- Installing: /home/darsh/ros2_ws/src/handbot_ros2/install/handbot_interfaces/include/handbot_interfaces/handbot_interfaces/srv/detail/get_planning_scene__rosidl_typesupport_introspection_cpp.hpp
-- Installing: /home/darsh/ros2_ws/src/handbot_ros2/install/handbot_interfaces/include/handbot_interfaces/handbot_interfaces/srv/detail/get_planning_scene__type_support.cpp
-- Installing: /home/darsh/ros2_ws/src/handbot_ros2/install/handbot_interfaces/lib/libhandbot_interfaces__rosidl_typesupport_introspection_cpp.so
-- Set non-toolchain portion of runtime path of "/home/darsh/ros2_ws/src/handbot_ros2/install/handbot_interfaces/lib/libhandbot_interfaces__rosidl_typesupport_introspection_cpp.so" to ""
-- Installing: /home/darsh/ros2_ws/src/handbot_ros2/install/handbot_interfaces/lib/libhandbot_interfaces__rosidl_typesupport_cpp.so
-- Set non-toolchain portion of runtime path of "/home/darsh/ros2_ws/src/handbot_ros2/install/handbot_interfaces/lib/libhandbot_interfaces__rosidl_typesupport_cpp.so" to ""
-- Installing: /home/darsh/ros2_ws/src/handbot_ros2/install/handbot_interfaces/share/handbot_interfaces/environment/pythonpath.sh
-- Installing: /home/darsh/ros2_ws/src/handbot_ros2/install/handbot_interfaces/share/handbot_interfaces/environment/pythonpath.dsv
-- Installing: /home/darsh/ros2_ws/src/handbot_ros2/install/handbot_interfaces/lib/python3.12/site-packages/handbot_interfaces-0.0.0-py3.12.egg-info
-- Installing: /home/darsh/ros2_ws/src/handbot_ros2/install/handbot_interfaces/lib/python3.12/site-packages/handbot_interfaces-0.0.0-py3.12.egg-info/top_level.txt
-- Installing: /home/darsh/ros2_ws/src/handbot_ros2/install/handbot_interfaces/lib/python3.12/site-packages/handbot_interfaces-0.0.0-py3.12.egg-info/dependency_links.txt
-- Installing: /home/darsh/ros2_ws/src/handbot_ros2/install/handbot_interfaces/lib/python3.12/site-packages/handbot_interfaces-0.0.0-py3.12.egg-info/PKG-INFO
-- Installing: /home/darsh/ros2_ws/src/handbot_ros2/install/handbot_interfaces/lib/python3.12/site-packages/handbot_interfaces-0.0.0-py3.12.egg-info/SOURCES.txt
-- Installing: /home/darsh/ros2_ws/src/handbot_ros2/install/handbot_interfaces/lib/python3.12/site-packages/handbot_interfaces
-- Installing: /home/darsh/ros2_ws/src/handbot_ros2/install/handbot_interfaces/lib/python3.12/site-packages/handbot_interfaces/handbot_interfaces_s__rosidl_typesupport_c.so
-- Installing: /home/darsh/ros2_ws/src/handbot_ros2/install/handbot_interfaces/lib/python3.12/site-packages/handbot_interfaces/_handbot_interfaces_s.ep.rosidl_typesupport_introspection_c.c
-- Installing: /home/darsh/ros2_ws/src/handbot_ros2/install/handbot_interfaces/lib/python3.12/site-packages/handbot_interfaces/srv
-- Installing: /home/darsh/ros2_ws/src/handbot_ros2/install/handbot_interfaces/lib/python3.12/site-packages/handbot_interfaces/srv/_get_planning_scene.py
-- Installing: /home/darsh/ros2_ws/src/handbot_ros2/install/handbot_interfaces/lib/python3.12/site-packages/handbot_interfaces/srv/_get_planning_scene_s.c
-- Installing: /home/darsh/ros2_ws/src/handbot_ros2/install/handbot_interfaces/lib/python3.12/site-packages/handbot_interfaces/srv/__init__.py
-- Installing: /home/darsh/ros2_ws/src/handbot_ros2/install/handbot_interfaces/lib/python3.12/site-packages/handbot_interfaces/_handbot_interfaces_s.ep.rosidl_typesupport_fastrtps_c.c
-- Installing: /home/darsh/ros2_ws/src/handbot_ros2/install/handbot_interfaces/lib/python3.12/site-packages/handbot_interfaces/handbot_interfaces_s__rosidl_typesupport_fastrtps_c.so
-- Installing: /home/darsh/ros2_ws/src/handbot_ros2/install/handbot_interfaces/lib/python3.12/site-packages/handbot_interfaces/__init__.py
-- Installing: /home/darsh/ros2_ws/src/handbot_ros2/install/handbot_interfaces/lib/python3.12/site-packages/handbot_interfaces/handbot_interfaces_s__rosidl_typesupport_introspection_c.so
-- Installing: /home/darsh/ros2_ws/src/handbot_ros2/install/handbot_interfaces/lib/python3.12/site-packages/handbot_interfaces/_handbot_interfaces_s.ep.rosidl_typesupport_c.c
Listing '/home/darsh/ros2_ws/src/handbot_ros2/install/handbot_interfaces/lib/python3.12/site-packages/handbot_interfaces'...
Compiling '/home/darsh/ros2_ws/src/handbot_ros2/install/handbot_interfaces/lib/python3.12/site-packages/handbot_interfaces/__init__.py'...
Listing '/home/darsh/ros2_ws/src/handbot_ros2/install/handbot_interfaces/lib/python3.12/site-packages/handbot_interfaces/srv'...
Compiling '/home/darsh/ros2_ws/src/handbot_ros2/install/handbot_interfaces/lib/python3.12/site-packages/handbot_interfaces/srv/__init__.py'...
Compiling '/home/darsh/ros2_ws/src/handbot_ros2/install/handbot_interfaces/lib/python3.12/site-packages/handbot_interfaces/srv/_get_planning_scene.py'...
-- Installing: /home/darsh/ros2_ws/src/handbot_ros2/install/handbot_interfaces/lib/python3.12/site-packages/handbot_interfaces/handbot_interfaces_s__rosidl_typesupport_fastrtps_c.so
-- Set non-toolchain portion of runtime path of "/home/darsh/ros2_ws/src/handbot_ros2/install/handbot_interfaces/lib/python3.12/site-packages/handbot_interfaces/handbot_interfaces_s__rosidl_typesupport_fastrtps_c.so" to ""
-- Installing: /home/darsh/ros2_ws/src/handbot_ros2/install/handbot_interfaces/lib/python3.12/site-packages/handbot_interfaces/handbot_interfaces_s__rosidl_typesupport_introspection_c.so
-- Set non-toolchain portion of runtime path of "/home/darsh/ros2_ws/src/handbot_ros2/install/handbot_interfaces/lib/python3.12/site-packages/handbot_interfaces/handbot_interfaces_s__rosidl_typesupport_introspection_c.so" to ""
-- Installing: /home/darsh/ros2_ws/src/handbot_ros2/install/handbot_interfaces/lib/python3.12/site-packages/handbot_interfaces/handbot_interfaces_s__rosidl_typesupport_c.so
-- Set non-toolchain portion of runtime path of "/home/darsh/ros2_ws/src/handbot_ros2/install/handbot_interfaces/lib/python3.12/site-packages/handbot_interfaces/handbot_interfaces_s__rosidl_typesupport_c.so" to ""
-- Installing: /home/darsh/ros2_ws/src/handbot_ros2/install/handbot_interfaces/lib/libhandbot_interfaces__rosidl_generator_py.so
-- Set non-toolchain portion of runtime path of "/home/darsh/ros2_ws/src/handbot_ros2/install/handbot_interfaces/lib/libhandbot_interfaces__rosidl_generator_py.so" to ""
-- Installing: /home/darsh/ros2_ws/src/handbot_ros2/install/handbot_interfaces/share/handbot_interfaces/srv/GetPlanningScene.idl
-- Installing: /home/darsh/ros2_ws/src/handbot_ros2/install/handbot_interfaces/share/handbot_interfaces/srv/GetPlanningScene.srv
-- Installing: /home/darsh/ros2_ws/src/handbot_ros2/install/handbot_interfaces/share/ament_index/resource_index/package_run_dependencies/handbot_interfaces
-- Installing: /home/darsh/ros2_ws/src/handbot_ros2/install/handbot_interfaces/share/ament_index/resource_index/parent_prefix_path/handbot_interfaces
-- Installing: /home/darsh/ros2_ws/src/handbot_ros2/install/handbot_interfaces/share/handbot_interfaces/environment/ament_prefix_path.sh
-- Installing: /home/darsh/ros2_ws/src/handbot_ros2/install/handbot_interfaces/share/handbot_interfaces/environment/ament_prefix_path.dsv
-- Installing: /home/darsh/ros2_ws/src/handbot_ros2/install/handbot_interfaces/share/handbot_interfaces/environment/path.sh
-- Installing: /home/darsh/ros2_ws/src/handbot_ros2/install/handbot_interfaces/share/handbot_interfaces/environment/path.dsv
-- Installing: /home/darsh/ros2_ws/src/handbot_ros2/install/handbot_interfaces/share/handbot_interfaces/local_setup.bash
-- Installing: /home/darsh/ros2_ws/src/handbot_ros2/install/handbot_interfaces/share/handbot_interfaces/local_setup.sh
-- Installing: /home/darsh/ros2_ws/src/handbot_ros2/install/handbot_interfaces/share/handbot_interfaces/local_setup.zsh
-- Installing: /home/darsh/ros2_ws/src/handbot_ros2/install/handbot_interfaces/share/handbot_interfaces/local_setup.dsv
-- Installing: /home/darsh/ros2_ws/src/handbot_ros2/install/handbot_interfaces/share/handbot_interfaces/package.dsv
-- Installing: /home/darsh/ros2_ws/src/handbot_ros2/install/handbot_interfaces/share/ament_index/resource_index/packages/handbot_interfaces
-- Installing: /home/darsh/ros2_ws/src/handbot_ros2/install/handbot_interfaces/share/handbot_interfaces/cmake/export_handbot_interfaces__rosidl_generator_cExport.cmake
-- Installing: /home/darsh/ros2_ws/src/handbot_ros2/install/handbot_interfaces/share/handbot_interfaces/cmake/export_handbot_interfaces__rosidl_generator_cExport-noconfig.cmake
-- Installing: /home/darsh/ros2_ws/src/handbot_ros2/install/handbot_interfaces/share/handbot_interfaces/cmake/export_handbot_interfaces__rosidl_typesupport_fastrtps_cExport.cmake
-- Installing: /home/darsh/ros2_ws/src/handbot_ros2/install/handbot_interfaces/share/handbot_interfaces/cmake/export_handbot_interfaces__rosidl_typesupport_fastrtps_cExport-noconfig.cmake
-- Installing: /home/darsh/ros2_ws/src/handbot_ros2/install/handbot_interfaces/share/handbot_interfaces/cmake/export_handbot_interfaces__rosidl_generator_cppExport.cmake
-- Installing: /home/darsh/ros2_ws/src/handbot_ros2/install/handbot_interfaces/share/handbot_interfaces/cmake/export_handbot_interfaces__rosidl_typesupport_fastrtps_cppExport.cmake
-- Installing: /home/darsh/ros2_ws/src/handbot_ros2/install/handbot_interfaces/share/handbot_interfaces/cmake/export_handbot_interfaces__rosidl_typesupport_fastrtps_cppExport-noconfig.cmake
-- Installing: /home/darsh/ros2_ws/src/handbot_ros2/install/handbot_interfaces/share/handbot_interfaces/cmake/handbot_interfaces__rosidl_typesupport_introspection_cExport.cmake
-- Installing: /home/darsh/ros2_ws/src/handbot_ros2/install/handbot_interfaces/share/handbot_interfaces/cmake/handbot_interfaces__rosidl_typesupport_introspection_cExport-noconfig.cmake
-- Installing: /home/darsh/ros2_ws/src/handbot_ros2/install/handbot_interfaces/share/handbot_interfaces/cmake/handbot_interfaces__rosidl_typesupport_cExport.cmake
-- Installing: /home/darsh/ros2_ws/src/handbot_ros2/install/handbot_interfaces/share/handbot_interfaces/cmake/handbot_interfaces__rosidl_typesupport_cExport-noconfig.cmake
-- Installing: /home/darsh/ros2_ws/src/handbot_ros2/install/handbot_interfaces/share/handbot_interfaces/cmake/handbot_interfaces__rosidl_typesupport_introspection_cppExport.cmake
-- Installing: /home/darsh/ros2_ws/src/handbot_ros2/install/handbot_interfaces/share/handbot_interfaces/cmake/handbot_interfaces__rosidl_typesupport_introspection_cppExport-noconfig.cmake
-- Installing: /home/darsh/ros2_ws/src/handbot_ros2/install/handbot_interfaces/share/handbot_interfaces/cmake/handbot_interfaces__rosidl_typesupport_cppExport.cmake
-- Installing: /home/darsh/ros2_ws/src/handbot_ros2/install/handbot_interfaces/share/handbot_interfaces/cmake/handbot_interfaces__rosidl_typesupport_cppExport-noconfig.cmake
-- Installing: /home/darsh/ros2_ws/src/handbot_ros2/install/handbot_interfaces/share/handbot_interfaces/cmake/export_handbot_interfaces__rosidl_generator_pyExport.cmake
-- Installing: /home/darsh/ros2_ws/src/handbot_ros2/install/handbot_interfaces/share/handbot_interfaces/cmake/export_handbot_interfaces__rosidl_generator_pyExport-noconfig.cmake
-- Installing: /home/darsh/ros2_ws/src/handbot_ros2/install/handbot_interfaces/share/handbot_interfaces/cmake/rosidl_cmake-extras.cmake
-- Installing: /home/darsh/ros2_ws/src/handbot_ros2/install/handbot_interfaces/share/handbot_interfaces/cmake/ament_cmake_export_dependencies-extras.cmake
-- Installing: /home/darsh/ros2_ws/src/handbot_ros2/install/handbot_interfaces/share/handbot_interfaces/cmake/ament_cmake_export_include_directories-extras.cmake
-- Installing: /home/darsh/ros2_ws/src/handbot_ros2/install/handbot_interfaces/share/handbot_interfaces/cmake/ament_cmake_export_libraries-extras.cmake
-- Installing: /home/darsh/ros2_ws/src/handbot_ros2/install/handbot_interfaces/share/handbot_interfaces/cmake/ament_cmake_export_targets-extras.cmake
-- Installing: /home/darsh/ros2_ws/src/handbot_ros2/install/handbot_interfaces/share/handbot_interfaces/cmake/rosidl_cmake_export_typesupport_targets-extras.cmake
-- Installing: /home/darsh/ros2_ws/src/handbot_ros2/install/handbot_interfaces/share/handbot_interfaces/cmake/rosidl_cmake_export_typesupport_libraries-extras.cmake
-- Installing: /home/darsh/ros2_ws/src/handbot_ros2/install/handbot_interfaces/share/handbot_interfaces/cmake/handbot_interfacesConfig.cmake
-- Installing: /home/darsh/ros2_ws/src/handbot_ros2/install/handbot_interfaces/share/handbot_interfaces/cmake/handbot_interfacesConfig-version.cmake
-- Installing: /home/darsh/ros2_ws/src/handbot_ros2/install/handbot_interfaces/share/handbot_interfaces/package.xml
