[0.052s] Invoking command in '/home/darsh/ros2_ws/src/handbot_ros2/build/handbot_interfaces': CMAKE_PREFIX_PATH=${CMAKE_PREFIX_PATH}:/opt/ros/jazzy DEBUGINFOD_URLS=https://debuginfod.ubuntu.com /usr/bin/cmake --build /home/darsh/ros2_ws/src/handbot_ros2/build/handbot_interfaces -- -j12 -l12
[0.111s] [  2%] Built target handbot_interfaces__rosidl_generator_type_description
[0.127s] [  2%] Built target ament_cmake_python_copy_handbot_interfaces
[0.132s] [  5%] Built target handbot_interfaces__cpp
[0.132s] [ 20%] Built target handbot_interfaces__rosidl_generator_c
[0.230s] [ 29%] Built target handbot_interfaces__rosidl_typesupport_fastrtps_cpp
[0.246s] [ 38%] Built target handbot_interfaces__rosidl_typesupport_fastrtps_c
[0.262s] [ 47%] Built target handbot_interfaces__rosidl_typesupport_introspection_c
[0.271s] [ 55%] Built target handbot_interfaces__rosidl_typesupport_c
[0.271s] [ 64%] Built target handbot_interfaces__rosidl_typesupport_cpp
[0.280s] [ 73%] Built target handbot_interfaces__rosidl_typesupport_introspection_cpp
[0.354s] [ 73%] Built target handbot_interfaces
[0.361s] [ 76%] Built target handbot_interfaces__py
[0.361s] [ 82%] Built target handbot_interfaces__rosidl_generator_py
[0.362s] [ 88%] Built target handbot_interfaces_s__rosidl_typesupport_fastrtps_c
[0.362s] [ 94%] Built target handbot_interfaces_s__rosidl_typesupport_introspection_c
[0.362s] [100%] Built target handbot_interfaces_s__rosidl_typesupport_c
[0.364s] running egg_info
[0.365s] writing handbot_interfaces.egg-info/PKG-INFO
[0.365s] writing dependency_links to handbot_interfaces.egg-info/dependency_links.txt
[0.365s] writing top-level names to handbot_interfaces.egg-info/top_level.txt
[0.388s] reading manifest file 'handbot_interfaces.egg-info/SOURCES.txt'
[0.389s] writing manifest file 'handbot_interfaces.egg-info/SOURCES.txt'
[0.410s] [100%] Built target ament_cmake_python_build_handbot_interfaces_egg
[0.419s] Invoked command in '/home/darsh/ros2_ws/src/handbot_ros2/build/handbot_interfaces' returned '0': CMAKE_PREFIX_PATH=${CMAKE_PREFIX_PATH}:/opt/ros/jazzy DEBUGINFOD_URLS=https://debuginfod.ubuntu.com /usr/bin/cmake --build /home/darsh/ros2_ws/src/handbot_ros2/build/handbot_interfaces -- -j12 -l12
[0.420s] Invoking command in '/home/darsh/ros2_ws/src/handbot_ros2/build/handbot_interfaces': CMAKE_PREFIX_PATH=${CMAKE_PREFIX_PATH}:/opt/ros/jazzy DEBUGINFOD_URLS=https://debuginfod.ubuntu.com /usr/bin/cmake --install /home/darsh/ros2_ws/src/handbot_ros2/build/handbot_interfaces
[0.425s] -- Install configuration: ""
[0.425s] -- Installing: /home/darsh/ros2_ws/src/handbot_ros2/install/handbot_interfaces/share/ament_index/resource_index/rosidl_interfaces/handbot_interfaces
[0.425s] -- Installing: /home/darsh/ros2_ws/src/handbot_ros2/install/handbot_interfaces/share/handbot_interfaces/srv/GetPlanningScene.json
[0.425s] -- Installing: /home/darsh/ros2_ws/src/handbot_ros2/install/handbot_interfaces/include/handbot_interfaces/handbot_interfaces
[0.425s] -- Installing: /home/darsh/ros2_ws/src/handbot_ros2/install/handbot_interfaces/include/handbot_interfaces/handbot_interfaces/srv
[0.425s] -- Installing: /home/darsh/ros2_ws/src/handbot_ros2/install/handbot_interfaces/include/handbot_interfaces/handbot_interfaces/srv/detail
[0.425s] -- Installing: /home/darsh/ros2_ws/src/handbot_ros2/install/handbot_interfaces/include/handbot_interfaces/handbot_interfaces/srv/detail/get_planning_scene__type_support.c
[0.427s] -- Installing: /home/darsh/ros2_ws/src/handbot_ros2/install/handbot_interfaces/include/handbot_interfaces/handbot_interfaces/srv/detail/get_planning_scene__functions.c
[0.427s] -- Installing: /home/darsh/ros2_ws/src/handbot_ros2/install/handbot_interfaces/include/handbot_interfaces/handbot_interfaces/srv/detail/get_planning_scene__struct.h
[0.427s] -- Installing: /home/darsh/ros2_ws/src/handbot_ros2/install/handbot_interfaces/include/handbot_interfaces/handbot_interfaces/srv/detail/get_planning_scene__description.c
[0.428s] -- Installing: /home/darsh/ros2_ws/src/handbot_ros2/install/handbot_interfaces/include/handbot_interfaces/handbot_interfaces/srv/detail/get_planning_scene__type_support.h
[0.428s] -- Installing: /home/darsh/ros2_ws/src/handbot_ros2/install/handbot_interfaces/include/handbot_interfaces/handbot_interfaces/srv/detail/get_planning_scene__functions.h
[0.428s] -- Installing: /home/darsh/ros2_ws/src/handbot_ros2/install/handbot_interfaces/include/handbot_interfaces/handbot_interfaces/srv/get_planning_scene.h
[0.428s] -- Installing: /home/darsh/ros2_ws/src/handbot_ros2/install/handbot_interfaces/include/handbot_interfaces/handbot_interfaces/msg
[0.428s] -- Installing: /home/darsh/ros2_ws/src/handbot_ros2/install/handbot_interfaces/include/handbot_interfaces/handbot_interfaces/msg/rosidl_generator_c__visibility_control.h
[0.428s] -- Installing: /home/darsh/ros2_ws/src/handbot_ros2/install/handbot_interfaces/share/handbot_interfaces/environment/library_path.sh
[0.428s] -- Installing: /home/darsh/ros2_ws/src/handbot_ros2/install/handbot_interfaces/share/handbot_interfaces/environment/library_path.dsv
[0.428s] -- Installing: /home/darsh/ros2_ws/src/handbot_ros2/install/handbot_interfaces/lib/libhandbot_interfaces__rosidl_generator_c.so
[0.428s] -- Set non-toolchain portion of runtime path of "/home/darsh/ros2_ws/src/handbot_ros2/install/handbot_interfaces/lib/libhandbot_interfaces__rosidl_generator_c.so" to ""
[0.428s] -- Up-to-date: /home/darsh/ros2_ws/src/handbot_ros2/install/handbot_interfaces/include/handbot_interfaces/handbot_interfaces
[0.428s] -- Up-to-date: /home/darsh/ros2_ws/src/handbot_ros2/install/handbot_interfaces/include/handbot_interfaces/handbot_interfaces/srv
[0.428s] -- Up-to-date: /home/darsh/ros2_ws/src/handbot_ros2/install/handbot_interfaces/include/handbot_interfaces/handbot_interfaces/srv/detail
[0.428s] -- Installing: /home/darsh/ros2_ws/src/handbot_ros2/install/handbot_interfaces/include/handbot_interfaces/handbot_interfaces/srv/detail/get_planning_scene__rosidl_typesupport_fastrtps_c.h
[0.428s] -- Up-to-date: /home/darsh/ros2_ws/src/handbot_ros2/install/handbot_interfaces/include/handbot_interfaces/handbot_interfaces/msg
[0.428s] -- Installing: /home/darsh/ros2_ws/src/handbot_ros2/install/handbot_interfaces/include/handbot_interfaces/handbot_interfaces/msg/rosidl_typesupport_fastrtps_c__visibility_control.h
[0.428s] -- Installing: /home/darsh/ros2_ws/src/handbot_ros2/install/handbot_interfaces/lib/libhandbot_interfaces__rosidl_typesupport_fastrtps_c.so
[0.428s] -- Set non-toolchain portion of runtime path of "/home/darsh/ros2_ws/src/handbot_ros2/install/handbot_interfaces/lib/libhandbot_interfaces__rosidl_typesupport_fastrtps_c.so" to ""
[0.428s] -- Up-to-date: /home/darsh/ros2_ws/src/handbot_ros2/install/handbot_interfaces/include/handbot_interfaces/handbot_interfaces
[0.428s] -- Up-to-date: /home/darsh/ros2_ws/src/handbot_ros2/install/handbot_interfaces/include/handbot_interfaces/handbot_interfaces/srv
[0.428s] -- Up-to-date: /home/darsh/ros2_ws/src/handbot_ros2/install/handbot_interfaces/include/handbot_interfaces/handbot_interfaces/srv/detail
[0.428s] -- Installing: /home/darsh/ros2_ws/src/handbot_ros2/install/handbot_interfaces/include/handbot_interfaces/handbot_interfaces/srv/detail/get_planning_scene__struct.hpp
[0.428s] -- Installing: /home/darsh/ros2_ws/src/handbot_ros2/install/handbot_interfaces/include/handbot_interfaces/handbot_interfaces/srv/detail/get_planning_scene__builder.hpp
[0.429s] -- Installing: /home/darsh/ros2_ws/src/handbot_ros2/install/handbot_interfaces/include/handbot_interfaces/handbot_interfaces/srv/detail/get_planning_scene__type_support.hpp
[0.429s] -- Installing: /home/darsh/ros2_ws/src/handbot_ros2/install/handbot_interfaces/include/handbot_interfaces/handbot_interfaces/srv/detail/get_planning_scene__traits.hpp
[0.429s] -- Installing: /home/darsh/ros2_ws/src/handbot_ros2/install/handbot_interfaces/include/handbot_interfaces/handbot_interfaces/srv/get_planning_scene.hpp
[0.429s] -- Up-to-date: /home/darsh/ros2_ws/src/handbot_ros2/install/handbot_interfaces/include/handbot_interfaces/handbot_interfaces/msg
[0.429s] -- Installing: /home/darsh/ros2_ws/src/handbot_ros2/install/handbot_interfaces/include/handbot_interfaces/handbot_interfaces/msg/rosidl_generator_cpp__visibility_control.hpp
[0.429s] -- Up-to-date: /home/darsh/ros2_ws/src/handbot_ros2/install/handbot_interfaces/include/handbot_interfaces/handbot_interfaces
[0.429s] -- Up-to-date: /home/darsh/ros2_ws/src/handbot_ros2/install/handbot_interfaces/include/handbot_interfaces/handbot_interfaces/srv
[0.429s] -- Up-to-date: /home/darsh/ros2_ws/src/handbot_ros2/install/handbot_interfaces/include/handbot_interfaces/handbot_interfaces/srv/detail
[0.429s] -- Installing: /home/darsh/ros2_ws/src/handbot_ros2/install/handbot_interfaces/include/handbot_interfaces/handbot_interfaces/srv/detail/dds_fastrtps
[0.429s] -- Installing: /home/darsh/ros2_ws/src/handbot_ros2/install/handbot_interfaces/include/handbot_interfaces/handbot_interfaces/srv/detail/get_planning_scene__rosidl_typesupport_fastrtps_cpp.hpp
[0.429s] -- Up-to-date: /home/darsh/ros2_ws/src/handbot_ros2/install/handbot_interfaces/include/handbot_interfaces/handbot_interfaces/msg
[0.429s] -- Installing: /home/darsh/ros2_ws/src/handbot_ros2/install/handbot_interfaces/include/handbot_interfaces/handbot_interfaces/msg/rosidl_typesupport_fastrtps_cpp__visibility_control.h
[0.430s] -- Installing: /home/darsh/ros2_ws/src/handbot_ros2/install/handbot_interfaces/lib/libhandbot_interfaces__rosidl_typesupport_fastrtps_cpp.so
[0.431s] -- Set non-toolchain portion of runtime path of "/home/darsh/ros2_ws/src/handbot_ros2/install/handbot_interfaces/lib/libhandbot_interfaces__rosidl_typesupport_fastrtps_cpp.so" to ""
[0.431s] -- Up-to-date: /home/darsh/ros2_ws/src/handbot_ros2/install/handbot_interfaces/include/handbot_interfaces/handbot_interfaces
[0.431s] -- Up-to-date: /home/darsh/ros2_ws/src/handbot_ros2/install/handbot_interfaces/include/handbot_interfaces/handbot_interfaces/srv
[0.431s] -- Up-to-date: /home/darsh/ros2_ws/src/handbot_ros2/install/handbot_interfaces/include/handbot_interfaces/handbot_interfaces/srv/detail
[0.431s] -- Installing: /home/darsh/ros2_ws/src/handbot_ros2/install/handbot_interfaces/include/handbot_interfaces/handbot_interfaces/srv/detail/get_planning_scene__type_support.c
[0.431s] -- Installing: /home/darsh/ros2_ws/src/handbot_ros2/install/handbot_interfaces/include/handbot_interfaces/handbot_interfaces/srv/detail/get_planning_scene__rosidl_typesupport_introspection_c.h
[0.431s] -- Up-to-date: /home/darsh/ros2_ws/src/handbot_ros2/install/handbot_interfaces/include/handbot_interfaces/handbot_interfaces/msg
[0.432s] -- Installing: /home/darsh/ros2_ws/src/handbot_ros2/install/handbot_interfaces/include/handbot_interfaces/handbot_interfaces/msg/rosidl_typesupport_introspection_c__visibility_control.h
[0.434s] -- Installing: /home/darsh/ros2_ws/src/handbot_ros2/install/handbot_interfaces/lib/libhandbot_interfaces__rosidl_typesupport_introspection_c.so
[0.434s] -- Set non-toolchain portion of runtime path of "/home/darsh/ros2_ws/src/handbot_ros2/install/handbot_interfaces/lib/libhandbot_interfaces__rosidl_typesupport_introspection_c.so" to ""
[0.434s] -- Installing: /home/darsh/ros2_ws/src/handbot_ros2/install/handbot_interfaces/lib/libhandbot_interfaces__rosidl_typesupport_c.so
[0.434s] -- Set non-toolchain portion of runtime path of "/home/darsh/ros2_ws/src/handbot_ros2/install/handbot_interfaces/lib/libhandbot_interfaces__rosidl_typesupport_c.so" to ""
[0.434s] -- Up-to-date: /home/darsh/ros2_ws/src/handbot_ros2/install/handbot_interfaces/include/handbot_interfaces/handbot_interfaces
[0.434s] -- Up-to-date: /home/darsh/ros2_ws/src/handbot_ros2/install/handbot_interfaces/include/handbot_interfaces/handbot_interfaces/srv
[0.434s] -- Up-to-date: /home/darsh/ros2_ws/src/handbot_ros2/install/handbot_interfaces/include/handbot_interfaces/handbot_interfaces/srv/detail
[0.435s] -- Installing: /home/darsh/ros2_ws/src/handbot_ros2/install/handbot_interfaces/include/handbot_interfaces/handbot_interfaces/srv/detail/get_planning_scene__rosidl_typesupport_introspection_cpp.hpp
[0.435s] -- Installing: /home/darsh/ros2_ws/src/handbot_ros2/install/handbot_interfaces/include/handbot_interfaces/handbot_interfaces/srv/detail/get_planning_scene__type_support.cpp
[0.435s] -- Installing: /home/darsh/ros2_ws/src/handbot_ros2/install/handbot_interfaces/lib/libhandbot_interfaces__rosidl_typesupport_introspection_cpp.so
[0.435s] -- Set non-toolchain portion of runtime path of "/home/darsh/ros2_ws/src/handbot_ros2/install/handbot_interfaces/lib/libhandbot_interfaces__rosidl_typesupport_introspection_cpp.so" to ""
[0.435s] -- Installing: /home/darsh/ros2_ws/src/handbot_ros2/install/handbot_interfaces/lib/libhandbot_interfaces__rosidl_typesupport_cpp.so
[0.435s] -- Set non-toolchain portion of runtime path of "/home/darsh/ros2_ws/src/handbot_ros2/install/handbot_interfaces/lib/libhandbot_interfaces__rosidl_typesupport_cpp.so" to ""
[0.435s] -- Installing: /home/darsh/ros2_ws/src/handbot_ros2/install/handbot_interfaces/share/handbot_interfaces/environment/pythonpath.sh
[0.435s] -- Installing: /home/darsh/ros2_ws/src/handbot_ros2/install/handbot_interfaces/share/handbot_interfaces/environment/pythonpath.dsv
[0.435s] -- Installing: /home/darsh/ros2_ws/src/handbot_ros2/install/handbot_interfaces/lib/python3.12/site-packages/handbot_interfaces-0.0.0-py3.12.egg-info
[0.435s] -- Installing: /home/darsh/ros2_ws/src/handbot_ros2/install/handbot_interfaces/lib/python3.12/site-packages/handbot_interfaces-0.0.0-py3.12.egg-info/top_level.txt
[0.435s] -- Installing: /home/darsh/ros2_ws/src/handbot_ros2/install/handbot_interfaces/lib/python3.12/site-packages/handbot_interfaces-0.0.0-py3.12.egg-info/dependency_links.txt
[0.435s] -- Installing: /home/darsh/ros2_ws/src/handbot_ros2/install/handbot_interfaces/lib/python3.12/site-packages/handbot_interfaces-0.0.0-py3.12.egg-info/PKG-INFO
[0.435s] -- Installing: /home/darsh/ros2_ws/src/handbot_ros2/install/handbot_interfaces/lib/python3.12/site-packages/handbot_interfaces-0.0.0-py3.12.egg-info/SOURCES.txt
[0.435s] -- Installing: /home/darsh/ros2_ws/src/handbot_ros2/install/handbot_interfaces/lib/python3.12/site-packages/handbot_interfaces
[0.436s] -- Installing: /home/darsh/ros2_ws/src/handbot_ros2/install/handbot_interfaces/lib/python3.12/site-packages/handbot_interfaces/handbot_interfaces_s__rosidl_typesupport_c.so
[0.436s] -- Installing: /home/darsh/ros2_ws/src/handbot_ros2/install/handbot_interfaces/lib/python3.12/site-packages/handbot_interfaces/_handbot_interfaces_s.ep.rosidl_typesupport_introspection_c.c
[0.436s] -- Installing: /home/darsh/ros2_ws/src/handbot_ros2/install/handbot_interfaces/lib/python3.12/site-packages/handbot_interfaces/srv
[0.436s] -- Installing: /home/darsh/ros2_ws/src/handbot_ros2/install/handbot_interfaces/lib/python3.12/site-packages/handbot_interfaces/srv/_get_planning_scene.py
[0.436s] -- Installing: /home/darsh/ros2_ws/src/handbot_ros2/install/handbot_interfaces/lib/python3.12/site-packages/handbot_interfaces/srv/_get_planning_scene_s.c
[0.436s] -- Installing: /home/darsh/ros2_ws/src/handbot_ros2/install/handbot_interfaces/lib/python3.12/site-packages/handbot_interfaces/srv/__init__.py
[0.436s] -- Installing: /home/darsh/ros2_ws/src/handbot_ros2/install/handbot_interfaces/lib/python3.12/site-packages/handbot_interfaces/_handbot_interfaces_s.ep.rosidl_typesupport_fastrtps_c.c
[0.436s] -- Installing: /home/darsh/ros2_ws/src/handbot_ros2/install/handbot_interfaces/lib/python3.12/site-packages/handbot_interfaces/handbot_interfaces_s__rosidl_typesupport_fastrtps_c.so
[0.436s] -- Installing: /home/darsh/ros2_ws/src/handbot_ros2/install/handbot_interfaces/lib/python3.12/site-packages/handbot_interfaces/__init__.py
[0.436s] -- Installing: /home/darsh/ros2_ws/src/handbot_ros2/install/handbot_interfaces/lib/python3.12/site-packages/handbot_interfaces/handbot_interfaces_s__rosidl_typesupport_introspection_c.so
[0.436s] -- Installing: /home/darsh/ros2_ws/src/handbot_ros2/install/handbot_interfaces/lib/python3.12/site-packages/handbot_interfaces/_handbot_interfaces_s.ep.rosidl_typesupport_c.c
[0.469s] Listing '/home/darsh/ros2_ws/src/handbot_ros2/install/handbot_interfaces/lib/python3.12/site-packages/handbot_interfaces'...
[0.469s] Compiling '/home/darsh/ros2_ws/src/handbot_ros2/install/handbot_interfaces/lib/python3.12/site-packages/handbot_interfaces/__init__.py'...
[0.469s] Listing '/home/darsh/ros2_ws/src/handbot_ros2/install/handbot_interfaces/lib/python3.12/site-packages/handbot_interfaces/srv'...
[0.469s] Compiling '/home/darsh/ros2_ws/src/handbot_ros2/install/handbot_interfaces/lib/python3.12/site-packages/handbot_interfaces/srv/__init__.py'...
[0.469s] Compiling '/home/darsh/ros2_ws/src/handbot_ros2/install/handbot_interfaces/lib/python3.12/site-packages/handbot_interfaces/srv/_get_planning_scene.py'...
[0.473s] -- Installing: /home/darsh/ros2_ws/src/handbot_ros2/install/handbot_interfaces/lib/python3.12/site-packages/handbot_interfaces/handbot_interfaces_s__rosidl_typesupport_fastrtps_c.so
[0.475s] -- Set non-toolchain portion of runtime path of "/home/darsh/ros2_ws/src/handbot_ros2/install/handbot_interfaces/lib/python3.12/site-packages/handbot_interfaces/handbot_interfaces_s__rosidl_typesupport_fastrtps_c.so" to ""
[0.475s] -- Installing: /home/darsh/ros2_ws/src/handbot_ros2/install/handbot_interfaces/lib/python3.12/site-packages/handbot_interfaces/handbot_interfaces_s__rosidl_typesupport_introspection_c.so
[0.475s] -- Set non-toolchain portion of runtime path of "/home/darsh/ros2_ws/src/handbot_ros2/install/handbot_interfaces/lib/python3.12/site-packages/handbot_interfaces/handbot_interfaces_s__rosidl_typesupport_introspection_c.so" to ""
[0.475s] -- Installing: /home/darsh/ros2_ws/src/handbot_ros2/install/handbot_interfaces/lib/python3.12/site-packages/handbot_interfaces/handbot_interfaces_s__rosidl_typesupport_c.so
[0.476s] -- Set non-toolchain portion of runtime path of "/home/darsh/ros2_ws/src/handbot_ros2/install/handbot_interfaces/lib/python3.12/site-packages/handbot_interfaces/handbot_interfaces_s__rosidl_typesupport_c.so" to ""
[0.476s] -- Installing: /home/darsh/ros2_ws/src/handbot_ros2/install/handbot_interfaces/lib/libhandbot_interfaces__rosidl_generator_py.so
[0.476s] -- Set non-toolchain portion of runtime path of "/home/darsh/ros2_ws/src/handbot_ros2/install/handbot_interfaces/lib/libhandbot_interfaces__rosidl_generator_py.so" to ""
[0.476s] -- Installing: /home/darsh/ros2_ws/src/handbot_ros2/install/handbot_interfaces/share/handbot_interfaces/srv/GetPlanningScene.idl
[0.476s] -- Installing: /home/darsh/ros2_ws/src/handbot_ros2/install/handbot_interfaces/share/handbot_interfaces/srv/GetPlanningScene.srv
[0.476s] -- Installing: /home/darsh/ros2_ws/src/handbot_ros2/install/handbot_interfaces/share/ament_index/resource_index/package_run_dependencies/handbot_interfaces
[0.477s] -- Installing: /home/darsh/ros2_ws/src/handbot_ros2/install/handbot_interfaces/share/ament_index/resource_index/parent_prefix_path/handbot_interfaces
[0.477s] -- Installing: /home/darsh/ros2_ws/src/handbot_ros2/install/handbot_interfaces/share/handbot_interfaces/environment/ament_prefix_path.sh
[0.477s] -- Installing: /home/darsh/ros2_ws/src/handbot_ros2/install/handbot_interfaces/share/handbot_interfaces/environment/ament_prefix_path.dsv
[0.477s] -- Installing: /home/darsh/ros2_ws/src/handbot_ros2/install/handbot_interfaces/share/handbot_interfaces/environment/path.sh
[0.477s] -- Installing: /home/darsh/ros2_ws/src/handbot_ros2/install/handbot_interfaces/share/handbot_interfaces/environment/path.dsv
[0.477s] -- Installing: /home/darsh/ros2_ws/src/handbot_ros2/install/handbot_interfaces/share/handbot_interfaces/local_setup.bash
[0.477s] -- Installing: /home/darsh/ros2_ws/src/handbot_ros2/install/handbot_interfaces/share/handbot_interfaces/local_setup.sh
[0.477s] -- Installing: /home/darsh/ros2_ws/src/handbot_ros2/install/handbot_interfaces/share/handbot_interfaces/local_setup.zsh
[0.477s] -- Installing: /home/darsh/ros2_ws/src/handbot_ros2/install/handbot_interfaces/share/handbot_interfaces/local_setup.dsv
[0.477s] -- Installing: /home/darsh/ros2_ws/src/handbot_ros2/install/handbot_interfaces/share/handbot_interfaces/package.dsv
[0.477s] -- Installing: /home/darsh/ros2_ws/src/handbot_ros2/install/handbot_interfaces/share/ament_index/resource_index/packages/handbot_interfaces
[0.477s] -- Installing: /home/darsh/ros2_ws/src/handbot_ros2/install/handbot_interfaces/share/handbot_interfaces/cmake/export_handbot_interfaces__rosidl_generator_cExport.cmake
[0.477s] -- Installing: /home/darsh/ros2_ws/src/handbot_ros2/install/handbot_interfaces/share/handbot_interfaces/cmake/export_handbot_interfaces__rosidl_generator_cExport-noconfig.cmake
[0.477s] -- Installing: /home/darsh/ros2_ws/src/handbot_ros2/install/handbot_interfaces/share/handbot_interfaces/cmake/export_handbot_interfaces__rosidl_typesupport_fastrtps_cExport.cmake
[0.477s] -- Installing: /home/darsh/ros2_ws/src/handbot_ros2/install/handbot_interfaces/share/handbot_interfaces/cmake/export_handbot_interfaces__rosidl_typesupport_fastrtps_cExport-noconfig.cmake
[0.477s] -- Installing: /home/darsh/ros2_ws/src/handbot_ros2/install/handbot_interfaces/share/handbot_interfaces/cmake/export_handbot_interfaces__rosidl_generator_cppExport.cmake
[0.477s] -- Installing: /home/darsh/ros2_ws/src/handbot_ros2/install/handbot_interfaces/share/handbot_interfaces/cmake/export_handbot_interfaces__rosidl_typesupport_fastrtps_cppExport.cmake
[0.478s] -- Installing: /home/darsh/ros2_ws/src/handbot_ros2/install/handbot_interfaces/share/handbot_interfaces/cmake/export_handbot_interfaces__rosidl_typesupport_fastrtps_cppExport-noconfig.cmake
[0.478s] -- Installing: /home/darsh/ros2_ws/src/handbot_ros2/install/handbot_interfaces/share/handbot_interfaces/cmake/handbot_interfaces__rosidl_typesupport_introspection_cExport.cmake
[0.478s] -- Installing: /home/darsh/ros2_ws/src/handbot_ros2/install/handbot_interfaces/share/handbot_interfaces/cmake/handbot_interfaces__rosidl_typesupport_introspection_cExport-noconfig.cmake
[0.478s] -- Installing: /home/darsh/ros2_ws/src/handbot_ros2/install/handbot_interfaces/share/handbot_interfaces/cmake/handbot_interfaces__rosidl_typesupport_cExport.cmake
[0.478s] -- Installing: /home/darsh/ros2_ws/src/handbot_ros2/install/handbot_interfaces/share/handbot_interfaces/cmake/handbot_interfaces__rosidl_typesupport_cExport-noconfig.cmake
[0.478s] -- Installing: /home/darsh/ros2_ws/src/handbot_ros2/install/handbot_interfaces/share/handbot_interfaces/cmake/handbot_interfaces__rosidl_typesupport_introspection_cppExport.cmake
[0.478s] -- Installing: /home/darsh/ros2_ws/src/handbot_ros2/install/handbot_interfaces/share/handbot_interfaces/cmake/handbot_interfaces__rosidl_typesupport_introspection_cppExport-noconfig.cmake
[0.478s] -- Installing: /home/darsh/ros2_ws/src/handbot_ros2/install/handbot_interfaces/share/handbot_interfaces/cmake/handbot_interfaces__rosidl_typesupport_cppExport.cmake
[0.478s] -- Installing: /home/darsh/ros2_ws/src/handbot_ros2/install/handbot_interfaces/share/handbot_interfaces/cmake/handbot_interfaces__rosidl_typesupport_cppExport-noconfig.cmake
[0.478s] -- Installing: /home/darsh/ros2_ws/src/handbot_ros2/install/handbot_interfaces/share/handbot_interfaces/cmake/export_handbot_interfaces__rosidl_generator_pyExport.cmake
[0.478s] -- Installing: /home/darsh/ros2_ws/src/handbot_ros2/install/handbot_interfaces/share/handbot_interfaces/cmake/export_handbot_interfaces__rosidl_generator_pyExport-noconfig.cmake
[0.478s] -- Installing: /home/darsh/ros2_ws/src/handbot_ros2/install/handbot_interfaces/share/handbot_interfaces/cmake/rosidl_cmake-extras.cmake
[0.478s] -- Installing: /home/darsh/ros2_ws/src/handbot_ros2/install/handbot_interfaces/share/handbot_interfaces/cmake/ament_cmake_export_dependencies-extras.cmake
[0.478s] -- Installing: /home/darsh/ros2_ws/src/handbot_ros2/install/handbot_interfaces/share/handbot_interfaces/cmake/ament_cmake_export_include_directories-extras.cmake
[0.478s] -- Installing: /home/darsh/ros2_ws/src/handbot_ros2/install/handbot_interfaces/share/handbot_interfaces/cmake/ament_cmake_export_libraries-extras.cmake
[0.479s] -- Installing: /home/darsh/ros2_ws/src/handbot_ros2/install/handbot_interfaces/share/handbot_interfaces/cmake/ament_cmake_export_targets-extras.cmake
[0.482s] -- Installing: /home/darsh/ros2_ws/src/handbot_ros2/install/handbot_interfaces/share/handbot_interfaces/cmake/rosidl_cmake_export_typesupport_targets-extras.cmake
[0.482s] -- Installing: /home/darsh/ros2_ws/src/handbot_ros2/install/handbot_interfaces/share/handbot_interfaces/cmake/rosidl_cmake_export_typesupport_libraries-extras.cmake
[0.482s] -- Installing: /home/darsh/ros2_ws/src/handbot_ros2/install/handbot_interfaces/share/handbot_interfaces/cmake/handbot_interfacesConfig.cmake
[0.482s] -- Installing: /home/darsh/ros2_ws/src/handbot_ros2/install/handbot_interfaces/share/handbot_interfaces/cmake/handbot_interfacesConfig-version.cmake
[0.482s] -- Installing: /home/darsh/ros2_ws/src/handbot_ros2/install/handbot_interfaces/share/handbot_interfaces/package.xml
[0.482s] Invoked command in '/home/darsh/ros2_ws/src/handbot_ros2/build/handbot_interfaces' returned '0': CMAKE_PREFIX_PATH=${CMAKE_PREFIX_PATH}:/opt/ros/jazzy DEBUGINFOD_URLS=https://debuginfod.ubuntu.com /usr/bin/cmake --install /home/darsh/ros2_ws/src/handbot_ros2/build/handbot_interfaces
