[0.041s] Invoking command in '/home/darsh/ros2_ws/src/handbot_ros2/build/handbot_mtc_demos': CMAKE_PREFIX_PATH=${CMAKE_PREFIX_PATH}:/opt/ros/jazzy DEBUGINFOD_URLS=https://debuginfod.ubuntu.com /usr/bin/cmake /home/darsh/ros2_ws/src/handbot_ros2/handbot_mtc_demos -DCMAKE_INSTALL_PREFIX=/home/darsh/ros2_ws/src/handbot_ros2/install/handbot_mtc_demos
[0.215s] -- The C compiler identification is GNU 13.3.0
[0.446s] -- The CXX compiler identification is GNU 13.3.0
[0.483s] -- Detecting C compiler ABI info
[0.625s] -- Detecting C compiler ABI info - done
[0.635s] -- Check for working C compiler: /usr/bin/cc - skipped
[0.635s] -- Detecting C compile features
[0.635s] -- Detecting C compile features - done
[0.646s] -- Detecting CXX compiler ABI info
[0.778s] -- Detecting CXX compiler ABI info - done
[0.786s] -- Check for working CXX compiler: /usr/bin/c++ - skipped
[0.787s] -- Detecting CXX compile features
[0.789s] -- Detecting CXX compile features - done
[0.816s] -- Found ament_cmake: 2.5.3 (/opt/ros/jazzy/share/ament_cmake/cmake)
[0.989s] -- Found Python3: /usr/bin/python3 (found version "3.12.3") found components: Interpreter 
[1.169s] -- Found generate_parameter_library: 0.4.0 (/opt/ros/jazzy/share/generate_parameter_library/cmake)
[1.192s] -- Found parameter_traits: 0.4.0 (/opt/ros/jazzy/share/parameter_traits/cmake)
[1.300s] -- Found rosidl_generator_c: 4.6.5 (/opt/ros/jazzy/share/rosidl_generator_c/cmake)
[1.319s] -- Found rosidl_generator_cpp: 4.6.5 (/opt/ros/jazzy/share/rosidl_generator_cpp/cmake)
[1.386s] -- Using all available rosidl_typesupport_c: rosidl_typesupport_fastrtps_c;rosidl_typesupport_introspection_c
[1.428s] -- Using all available rosidl_typesupport_cpp: rosidl_typesupport_fastrtps_cpp;rosidl_typesupport_introspection_cpp
[1.593s] -- Found rmw_implementation_cmake: 7.3.1 (/opt/ros/jazzy/share/rmw_implementation_cmake/cmake)
[1.601s] -- Found rmw_fastrtps_cpp: 8.4.1 (/opt/ros/jazzy/share/rmw_fastrtps_cpp/cmake)
[1.723s] -- Found OpenSSL: /usr/lib/aarch64-linux-gnu/libcrypto.so (found version "3.0.13")  
[1.744s] -- Found FastRTPS: /opt/ros/jazzy/include (Required is at least version "2.13") 
[1.784s] -- Using RMW implementation 'rmw_fastrtps_cpp' as default
[1.971s] -- Found rclcpp_lifecycle: 28.1.6 (/opt/ros/jazzy/share/rclcpp_lifecycle/cmake)
[2.051s] -- Found moveit_common: 2.12.1 (/opt/ros/jazzy/share/moveit_common/cmake)
[2.159s] -- Found moveit_core: 2.12.1 (/opt/ros/jazzy/share/moveit_core/cmake)
[2.404s] -- Found Boost: /usr/lib/aarch64-linux-gnu/cmake/Boost-1.83.0/BoostConfig.cmake (found version "1.83.0") found components: chrono date_time filesystem iostreams program_options regex serialization system thread 
[2.471s] -- Found Boost: /usr/lib/aarch64-linux-gnu/cmake/Boost-1.83.0/BoostConfig.cmake (found version "1.83.0") found components: filesystem 
[2.637s] -- Found Eigen3: TRUE (found version "3.4.0") 
[2.638s] -- Ensuring Eigen3 include directory is part of orocos-kdl CMake target
[3.013s] -- Found moveit_ros_planning: 2.12.1 (/opt/ros/jazzy/share/moveit_ros_planning/cmake)
[3.015s] -- Found Boost: /usr/lib/aarch64-linux-gnu/cmake/Boost-1.83.0/BoostConfig.cmake (found version "1.83.0") found components: system filesystem date_time program_options thread chrono 
[3.060s] -- Found moveit_ros_planning_interface: 2.12.1 (/opt/ros/jazzy/share/moveit_ros_planning_interface/cmake)
[3.063s] -- Found Boost: /usr/lib/aarch64-linux-gnu/cmake/Boost-1.83.0/BoostConfig.cmake (found version "1.83.0") found components: date_time filesystem program_options system thread 
[3.085s] -- Found Boost: /usr/lib/aarch64-linux-gnu/cmake/Boost-1.83.0/BoostConfig.cmake (found version "1.83.0") found components: thread system filesystem regex date_time program_options 
[3.105s] -- Found Boost: /usr/lib/aarch64-linux-gnu/cmake/Boost-1.83.0/BoostConfig.cmake (found version "1.83.0") found components: system filesystem date_time program_options thread 
[3.150s] -- Configuring incomplete, errors occurred!
[3.150s] [31mCMake Error at CMakeLists.txt:25 (find_package):
[3.150s]   By not providing "Findmoveit_task_constructor_core.cmake" in
[3.150s]   CMAKE_MODULE_PATH this project has asked CMake to find a package
[3.150s]   configuration file provided by "moveit_task_constructor_core", but CMake
[3.151s]   did not find one.
[3.151s] 
[3.151s]   Could not find a package configuration file provided by
[3.151s]   "moveit_task_constructor_core" with any of the following names:
[3.151s] 
[3.151s]     moveit_task_constructor_coreConfig.cmake
[3.151s]     moveit_task_constructor_core-config.cmake
[3.152s] 
[3.152s]   Add the installation prefix of "moveit_task_constructor_core" to
[3.152s]   CMAKE_PREFIX_PATH or set "moveit_task_constructor_core_DIR" to a directory
[3.152s]   containing one of the above files.  If "moveit_task_constructor_core"
[3.152s]   provides a separate development package or SDK, be sure it has been
[3.152s]   installed.
[3.152s] 
[3.152s] [0m
[3.185s] Invoked command in '/home/darsh/ros2_ws/src/handbot_ros2/build/handbot_mtc_demos' returned '1': CMAKE_PREFIX_PATH=${CMAKE_PREFIX_PATH}:/opt/ros/jazzy DEBUGINFOD_URLS=https://debuginfod.ubuntu.com /usr/bin/cmake /home/darsh/ros2_ws/src/handbot_ros2/handbot_mtc_demos -DCMAKE_INSTALL_PREFIX=/home/darsh/ros2_ws/src/handbot_ros2/install/handbot_mtc_demos
